-------------------------------------------------------------------------------
Test set: core.AllTests
-------------------------------------------------------------------------------
Tests run: 2, Failures: 1, Errors: 0, Skipped: 0, Time elapsed: 1.264 sec <<< FAILURE!
test_002_001(core.TheoryTest_002)  Time elapsed: 1.189 sec  <<< FAILURE!
java.lang.AssertionError: Never found parameters that satisfied method assumptions.  Violated assumptions: [org.junit.AssumptionViolatedException: got: "aaaaa", expected: is "acbgd", org.junit.AssumptionViolatedException: got: "aaaab", expected: is "acbgd", org.junit.AssumptionViolatedException: got: "aaaac", expected: is "acbgd", org.junit.AssumptionViolatedException: got: "aaaad", expected: is "acbgd", org.junit.AssumptionViolatedException: got: "aaaae", expected: is "acbgd", org.junit.AssumptionViolatedException: got: "aaaaf", expected: is "acbgd", org.junit.AssumptionViolatedException: got: "aaaba", expected: is "acbgd", org.junit.AssumptionViolatedException: got: "aaabb", expected: is "acbgd", org.junit.AssumptionViolatedException: got: "aaabc", expected: is "acbgd", org.junit.AssumptionViolatedException: got: "aaabd", expected: is "acbgd", org.junit.AssumptionViolatedException: got: "aaabe", expected: is "acbgd", org.junit.AssumptionViolatedException: got: "aaabf", expected: is "acbgd", org.junit.AssumptionViolatedException: got: "aaaca", expected: is "acbgd", org.junit.AssumptionViolatedException: got: "aaacb", expected: is "acbgd", org.junit.AssumptionViolatedException: got: "aaacc", expected: is "acbgd", org.junit.AssumptionViolatedException: got: "aaacd", expected: is "acbgd", org.junit.AssumptionViolatedException: got: "aaace", expected: is "acbgd", org.junit.AssumptionViolatedException: got: "aaacf", expected: is "acbgd", org.junit.AssumptionViolatedException: got: "aaada", expected: is "acbgd", org.junit.AssumptionViolatedException: got: "aaadb", expected: is "acbgd", org.junit.AssumptionViolatedException: got: "aaadc", expected: is "acbgd", org.junit.AssumptionViolatedException: got: "aaadd", expected: is "acbgd", org.junit.AssumptionViolatedException: got: "aaade", expected: is "acbgd", org.junit.AssumptionViolatedException: got: "aaadf", expected: is "acbgd", org.junit.AssumptionViolatedException: got: "aaaea", expected: is "acbgd", org.junit.AssumptionViolatedException: got: "aaaeb", expected: is "acbgd", org.junit.AssumptionViolatedException: got: "aaaec", expected: is "acbgd", org.junit.AssumptionViolatedException: got: "aaaed", expected: is "acbgd", org.junit.AssumptionViolatedException: got: "aaaee", expected: is "acbgd", org.junit.AssumptionViolatedException: got: "aaaef", expected: is "acbgd", org.junit.AssumptionViolatedException: got: "aaafa", expected: is "acbgd", org.junit.AssumptionViolatedException: got: "aaafb", expected: is "acbgd", org.junit.AssumptionViolatedException: got: "aaafc", expected: is "acbgd", org.junit.AssumptionViolatedException: got: "aaafd", expected: is "acbgd", org.junit.AssumptionViolatedException: got: "aaafe", expected: is "acbgd", org.junit.AssumptionViolatedException: got: "aaaff", expected: is "acbgd", org.junit.AssumptionViolatedException: got: "aabaa", expected: is "acbgd", org.junit.AssumptionViolatedException: got: "aabab", expected: is "acbgd", org.junit.AssumptionViolatedException: got: "aabac", expected: is "acbgd", org.junit.AssumptionViolatedException: got: "aabad", expected: is "acbgd", org.junit.AssumptionViolatedException: got: "aabae", expected: is "acbgd", org.junit.AssumptionViolatedException: got: "aabaf", expected: is "acbgd", org.junit.AssumptionViolatedException: got: "aabba", expected: is "acbgd", org.junit.AssumptionViolatedException: got: "aabbb", expected: is "acbgd", org.junit.AssumptionViolatedException: got: "aabbc", expected: is "acbgd", org.junit.AssumptionViolatedException: got: "aabbd", expected: is "acbgd", org.junit.AssumptionViolatedException: got: "aabbe", expected: is "acbgd", org.junit.AssumptionViolatedException: got: "aabbf", expected: is "acbgd", org.junit.AssumptionViolatedException: got: "aabca", expected: is "acbgd", org.junit.AssumptionViolatedException: got: "aabcb", expected: is "acbgd", org.junit.AssumptionViolatedException: got: "aabcc", expected: is "acbgd", org.junit.AssumptionViolatedException: got: "aabcd", expected: is "acbgd", org.junit.AssumptionViolatedException: got: "aabce", expected: is "acbgd", org.junit.AssumptionViolatedException: got: "aabcf", expected: is "acbgd", org.junit.AssumptionViolatedException: got: "aabda", expected: is "acbgd", org.junit.AssumptionViolatedException: got: "aabdb", expected: is "acbgd", org.junit.AssumptionViolatedException: got: "aabdc", expected: is "acbgd", org.junit.AssumptionViolatedException: got: "aabdd", expected: is "acbgd", org.junit.AssumptionViolatedException: got: "aabde", expected: is "acbgd", org.junit.AssumptionViolatedException: got: "aabdf", expected: is "acbgd", org.junit.AssumptionViolatedException: got: "aabea", expected: is "acbgd", org.junit.AssumptionViolatedException: got: "aabeb", expected: is "acbgd", org.junit.AssumptionViolatedException: got: "aabec", expected: is "acbgd", org.junit.AssumptionViolatedException: got: "aabed", expected: is "acbgd", org.junit.AssumptionViolatedException: got: "aabee", expected: is "acbgd", org.junit.AssumptionViolatedException: got: "aabef", expected: is "acbgd", org.junit.AssumptionViolatedException: got: "aabfa", expected: is "acbgd", org.junit.AssumptionViolatedException: got: "aabfb", expected: is "acbgd", org.junit.AssumptionViolatedException: got: "aabfc", expected: is "acbgd", org.junit.AssumptionViolatedException: got: "aabfd", expected: is "acbgd", org.junit.AssumptionViolatedException: got: "aabfe", expected: is "acbgd", org.junit.AssumptionViolatedException: got: "aabff", expected: is "acbgd", org.junit.AssumptionViolatedException: got: "aacaa", expected: is "acbgd", org.junit.AssumptionViolatedException: got: "aacab", expected: is "acbgd", org.junit.AssumptionViolatedException: got: "aacac", expected: is "acbgd", org.junit.AssumptionViolatedException: got: "aacad", expected: is "acbgd", org.junit.AssumptionViolatedException: got: "aacae", expected: is "acbgd", org.junit.AssumptionViolatedException: got: "aacaf", expected: is "acbgd", org.junit.AssumptionViolatedException: got: "aacba", expected: is "acbgd", org.junit.AssumptionViolatedException: got: "aacbb", expected: is "acbgd", org.junit.AssumptionViolatedException: got: "aacbc", expected: is "acbgd", org.junit.AssumptionViolatedException: got: "aacbd", expected: is "acbgd", org.junit.AssumptionViolatedException: got: "aacbe", expected: is "acbgd", org.junit.AssumptionViolatedException: got: "aacbf", expected: is "acbgd", org.junit.AssumptionViolatedException: got: "aacca", expected: is "acbgd", org.junit.AssumptionViolatedException: got: "aaccb", expected: is "acbgd", org.junit.AssumptionViolatedException: got: "aaccc", expected: is "acbgd", org.junit.AssumptionViolatedException: got: "aaccd", expected: is "acbgd", org.junit.AssumptionViolatedException: got: "aacce", expected: is "acbgd", org.junit.AssumptionViolatedException: got: "aaccf", expected: is "acbgd", org.junit.AssumptionViolatedException: got: "aacda", expected: is "acbgd", org.junit.AssumptionViolatedException: got: "aacdb", expected: is "acbgd", org.junit.AssumptionViolatedException: got: "aacdc", expected: is "acbgd", org.junit.AssumptionViolatedException: got: "aacdd", expected: is "acbgd", org.junit.AssumptionViolatedException: got: "aacde", expected: is "acbgd", org.junit.AssumptionViolatedException: got: "aacdf", expected: is "acbgd", org.junit.AssumptionViolatedException: got: "aacea", expected: is "acbgd", org.junit.AssumptionViolatedException: got: "aaceb", expected: is "acbgd", org.junit.AssumptionViolatedException: got: "aacec", expected: is "acbgd", org.junit.AssumptionViolatedException: got: "aaced", expected: is "acbgd", org.junit.AssumptionViolatedException: got: "aacee", expected: is "acbgd", org.junit.AssumptionViolatedException: got: "aacef", expected: is "acbgd", org.junit.AssumptionViolatedException: got: "aacfa", expected: is "acbgd", org.junit.AssumptionViolatedException: got: "aacfb", expected: is "acbgd", org.junit.AssumptionViolatedException: got: "aacfc", expected: is "acbgd", org.junit.AssumptionViolatedException: got: "aacfd", expected: is "acbgd", org.junit.AssumptionViolatedException: got: "aacfe", expected: is "acbgd", org.junit.AssumptionViolatedException: got: "aacff", expected: is "acbgd", org.junit.AssumptionViolatedException: got: "aadaa", expected: is "acbgd", org.junit.AssumptionViolatedException: got: "aadab", expected: is "acbgd", org.junit.AssumptionViolatedException: got: "aadac", expected: is "acbgd", org.junit.AssumptionViolatedException: got: "aadad", expected: is "acbgd", org.junit.AssumptionViolatedException: got: "aadae", expected: is "acbgd", org.junit.AssumptionViolatedException: got: "aadaf", expected: is "acbgd", org.junit.AssumptionViolatedException: got: "aadba", expected: is "acbgd", org.junit.AssumptionViolatedException: got: "aadbb", expected: is "acbgd", org.junit.AssumptionViolatedException: got: "aadbc", expected: is "acbgd", org.junit.AssumptionViolatedException: got: "aadbd", expected: is "acbgd", org.junit.AssumptionViolatedException: got: "aadbe", expected: is "acbgd", org.junit.AssumptionViolatedException: got: "aadbf", expected: is "acbgd", org.junit.AssumptionViolatedException: got: "aadca", expected: is "acbgd", org.junit.AssumptionViolatedException: got: "aadcb", expected: is "acbgd", org.junit.AssumptionViolatedException: got: "aadcc", expected: is "acbgd", org.junit.AssumptionViolatedException: got: "aadcd", expected: is "acbgd", org.junit.AssumptionViolatedException: got: "aadce", expected: is "acbgd", org.junit.AssumptionViolatedException: got: "aadcf", expected: is "acbgd", org.junit.AssumptionViolatedException: got: "aadda", expected: is "acbgd", org.junit.AssumptionViolatedException: got: "aaddb", expected: is "acbgd", org.junit.AssumptionViolatedException: got: "aaddc", expected: is "acbgd", org.junit.AssumptionViolatedException: got: "aaddd", expected: is "acbgd", org.junit.AssumptionViolatedException: got: "aadde", expected: is "acbgd", org.junit.AssumptionViolatedException: got: "aaddf", expected: is "acbgd", org.junit.AssumptionViolatedException: got: "aadea", expected: is "acbgd", org.junit.AssumptionViolatedException: got: "aadeb", expected: is "acbgd", org.junit.AssumptionViolatedException: got: "aadec", expected: is "acbgd", org.junit.AssumptionViolatedException: got: "aaded", expected: is "acbgd", org.junit.AssumptionViolatedException: got: "aadee", expected: is "acbgd", org.junit.AssumptionViolatedException: got: "aadef", expected: is "acbgd", org.junit.AssumptionViolatedException: got: "aadfa", expected: is "acbgd", org.junit.AssumptionViolatedException: got: "aadfb", expected: is "acbgd", org.junit.AssumptionViolatedException: got: "aadfc", expected: is "acbgd", org.junit.AssumptionViolatedException: got: "aadfd", expected: is "acbgd", org.junit.AssumptionViolatedException: got: "aadfe", expected: is "acbgd", org.junit.AssumptionViolatedException: got: "aadff", expected: is "acbgd", org.junit.AssumptionViolatedException: got: "aaeaa", expected: is "acbgd", org.junit.AssumptionViolatedException: got: "aaeab", expected: is "acbgd", org.junit.AssumptionViolatedException: got: "aaeac", expected: is "acbgd", org.junit.AssumptionViolatedException: got: "aaead", expected: is "acbgd", org.junit.AssumptionViolatedException: got: "aaeae", expected: is "acbgd", org.junit.AssumptionViolatedException: got: "aaeaf", expected: is "acbgd", org.junit.AssumptionViolatedException: got: "aaeba", expected: is "acbgd", org.junit.AssumptionViolatedException: got: "aaebb", expected: is "acbgd", org.junit.AssumptionViolatedException: got: "aaebc", expected: is "acbgd", org.junit.AssumptionViolatedException: got: "aaebd", expected: is "acbgd", org.junit.AssumptionViolatedException: got: "aaebe", expected: is "acbgd", org.junit.AssumptionViolatedException: got: "aaebf", expected: is "acbgd", org.junit.AssumptionViolatedException: got: "aaeca", expected: is "acbgd", org.junit.AssumptionViolatedException: got: "aaecb", expected: is "acbgd", org.junit.AssumptionViolatedException: got: "aaecc", expected: is "acbgd", org.junit.AssumptionViolatedException: got: "aaecd", expected: is "acbgd", org.junit.AssumptionViolatedException: got: "aaece", expected: is "acbgd", org.junit.AssumptionViolatedException: got: "aaecf", expected: is "acbgd", org.junit.AssumptionViolatedException: got: "aaeda", expected: is "acbgd", org.junit.AssumptionViolatedException: got: "aaedb", expected: is "acbgd", org.junit.AssumptionViolatedException: got: "aaedc", expected: is "acbgd", org.junit.AssumptionViolatedException: got: "aaedd", expected: is "acbgd", org.junit.AssumptionViolatedException: got: "aaede", expected: is "acbgd", org.junit.AssumptionViolatedException: got: "aaedf", expected: is "acbgd", org.junit.AssumptionViolatedException: got: "aaeea", expected: is "acbgd", org.junit.AssumptionViolatedException: got: "aaeeb", expected: is "acbgd", org.junit.AssumptionViolatedException: got: "aaeec", expected: is "acbgd", org.junit.AssumptionViolatedException: got: "aaeed", expected: is "acbgd", org.junit.AssumptionViolatedException: got: "aaeee", expected: is "acbgd", org.junit.AssumptionViolatedException: got: "aaeef", expected: is "acbgd", org.junit.AssumptionViolatedException: got: "aaefa", expected: is "acbgd", org.junit.AssumptionViolatedException: got: "aaefb", expected: is "acbgd", org.junit.AssumptionViolatedException: got: "aaefc", expected: is "acbgd", org.junit.AssumptionViolatedException: got: "aaefd", expected: is "acbgd", org.junit.AssumptionViolatedException: got: "aaefe", expected: is "acbgd", org.junit.AssumptionViolatedException: got: "aaeff", expected: is "acbgd", org.junit.AssumptionViolatedException: got: "aafaa", expected: is "acbgd", org.junit.AssumptionViolatedException: got: "aafab", expected: is "acbgd", org.junit.AssumptionViolatedException: got: "aafac", expected: is "acbgd", org.junit.AssumptionViolatedException: got: "aafad", expected: is "acbgd", org.junit.AssumptionViolatedException: got: "aafae", expected: is "acbgd", org.junit.AssumptionViolatedException: got: "aafaf", expected: is "acbgd", org.junit.AssumptionViolatedException: got: "aafba", expected: is "acbgd", org.junit.AssumptionViolatedException: got: "aafbb", expected: is "acbgd", org.junit.AssumptionViolatedException: got: "aafbc", expected: is "acbgd", org.junit.AssumptionViolatedException: got: "aafbd", expected: is "acbgd", org.junit.AssumptionViolatedException: got: "aafbe", expected: is "acbgd", org.junit.AssumptionViolatedException: got: "aafbf", expected: is "acbgd", org.junit.AssumptionViolatedException: got: "aafca", expected: is "acbgd", org.junit.AssumptionViolatedException: got: "aafcb", expected: is "acbgd", org.junit.AssumptionViolatedException: got: "aafcc", expected: is "acbgd", org.junit.AssumptionViolatedException: got: "aafcd", expected: is "acbgd", org.junit.AssumptionViolatedException: got: "aafce", expected: is "acbgd", org.junit.AssumptionViolatedException: got: "aafcf", expected: is "acbgd", org.junit.AssumptionViolatedException: got: "aafda", expected: is "acbgd", org.junit.AssumptionViolatedException: got: "aafdb", expected: is "acbgd", org.junit.AssumptionViolatedException: got: "aafdc", expected: is "acbgd", org.junit.AssumptionViolatedException: got: "aafdd", expected: is "acbgd", org.junit.AssumptionViolatedException: got: "aafde", expected: is "acbgd", org.junit.AssumptionViolatedException: got: "aafdf", expected: is "acbgd", org.junit.AssumptionViolatedException: got: "aafea", expected: is "acbgd", org.junit.AssumptionViolatedException: got: "aafeb", expected: is "acbgd", org.junit.AssumptionViolatedException: got: "aafec", expected: is "acbgd", org.junit.AssumptionViolatedException: got: "aafed", expected: is "acbgd", org.junit.AssumptionViolatedException: got: "aafee", expected: is "acbgd", org.junit.AssumptionViolatedException: got: "aafef", expected: is "acbgd", org.junit.AssumptionViolatedException: got: "aaffa", expected: is "acbgd", org.junit.AssumptionViolatedException: got: "aaffb", expected: is "acbgd", org.junit.AssumptionViolatedException: got: "aaffc", expected: is "acbgd", org.junit.AssumptionViolatedException: got: "aaffd", expected: is "acbgd", org.junit.AssumptionViolatedException: got: "aaffe", expected: is "acbgd", org.junit.AssumptionViolatedException: got: "aafff", expected: is "acbgd", org.junit.AssumptionViolatedException: got: "abaaa", expected: is "acbgd", org.junit.AssumptionViolatedException: got: "abaab", expected: is "acbgd", org.junit.AssumptionViolatedException: got: "abaac", expected: is "acbgd", org.junit.AssumptionViolatedException: got: "abaad", expected: is "acbgd", org.junit.AssumptionViolatedException: got: "abaae", expected: is "acbgd", org.junit.AssumptionViolatedException: got: "abaaf", expected: is "acbgd", org.junit.AssumptionViolatedException: got: "ababa", expected: is "acbgd", org.junit.AssumptionViolatedException: got: "ababb", expected: is "acbgd", org.junit.AssumptionViolatedException: got: "ababc", expected: is "acbgd", org.junit.AssumptionViolatedException: got: "ababd", expected: is "acbgd", org.junit.AssumptionViolatedException: got: "ababe", expected: is "acbgd", org.junit.AssumptionViolatedException: got: "ababf", expected: is "acbgd", org.junit.AssumptionViolatedException: got: "abaca", expected: is "acbgd", org.junit.AssumptionViolatedException: got: "abacb", expected: is "acbgd", org.junit.AssumptionViolatedException: got: "abacc", expected: is "acbgd", org.junit.AssumptionViolatedException: got: "abacd", expected: is "acbgd", org.junit.AssumptionViolatedException: got: "abace", expected: is "acbgd", org.junit.AssumptionViolatedException: got: "abacf", expected: is "acbgd", org.junit.AssumptionViolatedException: got: "abada", expected: is "acbgd", org.junit.AssumptionViolatedException: got: "abadb", expected: is "acbgd", org.junit.AssumptionViolatedException: got: "abadc", expected: is "acbgd", org.junit.AssumptionViolatedException: got: "abadd", expected: is "acbgd", org.junit.AssumptionViolatedException: got: "abade", expected: is "acbgd", org.junit.AssumptionViolatedException: got: "abadf", expected: is "acbgd", org.junit.AssumptionViolatedException: got: "abaea", expected: is "acbgd", org.junit.AssumptionViolatedException: got: "abaeb", expected: is "acbgd", org.junit.AssumptionViolatedException: got: "abaec", expected: is "acbgd", org.junit.AssumptionViolatedException: got: "abaed", expected: is "acbgd", org.junit.AssumptionViolatedException: got: "abaee", expected: is "acbgd", org.junit.AssumptionViolatedException: got: "abaef", expected: is "acbgd", org.junit.AssumptionViolatedException: got: "abafa", expected: is "acbgd", org.junit.AssumptionViolatedException: got: "abafb", expected: is "acbgd", org.junit.AssumptionViolatedException: got: "abafc", expected: is "acbgd", org.junit.AssumptionViolatedException: got: "abafd", expected: is "acbgd", org.junit.AssumptionViolatedException: got: "abafe", expected: is "acbgd", org.junit.AssumptionViolatedException: got: "abaff", expected: is "acbgd", org.junit.AssumptionViolatedException: got: "abbaa", expected: is "acbgd", org.junit.AssumptionViolatedException: got: "abbab", expected: is "acbgd", org.junit.AssumptionViolatedException: got: "abbac", expected: is "acbgd", org.junit.AssumptionViolatedException: got: "abbad", expected: is "acbgd", org.junit.AssumptionViolatedException: got: "abbae", expected: is "acbgd", org.junit.AssumptionViolatedException: got: "abbaf", expected: is "acbgd", org.junit.AssumptionViolatedException: got: "abbba", expected: is "acbgd", org.junit.AssumptionViolatedException: got: "abbbb", expected: is "acbgd", org.junit.AssumptionViolatedException: got: "abbbc", expected: is "acbgd", org.junit.AssumptionViolatedException: got: "abbbd", expected: is "acbgd", org.junit.AssumptionViolatedException: got: "abbbe", expected: is "acbgd", org.junit.AssumptionViolatedException: got: "abbbf", expected: is "acbgd", org.junit.AssumptionViolatedException: got: "abbca", expected: is "acbgd", org.junit.AssumptionViolatedException: got: "abbcb", expected: is "acbgd", org.junit.AssumptionViolatedException: got: "abbcc", expected: is "acbgd", org.junit.AssumptionViolatedException: got: "abbcd", expected: is "acbgd", org.junit.AssumptionViolatedException: got: "abbce", expected: is "acbgd", org.junit.AssumptionViolatedException: got: "abbcf", expected: is "acbgd", org.junit.AssumptionViolatedException: got: "abbda", expected: is "acbgd", org.junit.AssumptionViolatedException: got: "abbdb", expected: is "acbgd", org.junit.AssumptionViolatedException: got: "abbdc", expected: is "acbgd", org.junit.AssumptionViolatedException: got: "abbdd", expected: is "acbgd", org.junit.AssumptionViolatedException: got: "abbde", expected: is "acbgd", org.junit.AssumptionViolatedException: got: "abbdf", expected: is "acbgd", org.junit.AssumptionViolatedException: got: "abbea", expected: is "acbgd", org.junit.AssumptionViolatedException: got: "abbeb", expected: is "acbgd", org.junit.AssumptionViolatedException: got: "abbec", expected: is "acbgd", org.junit.AssumptionViolatedException: got: "abbed", expected: is "acbgd", org.junit.AssumptionViolatedException: got: "abbee", expected: is "acbgd", org.junit.AssumptionViolatedException: got: "abbef", expected: is "acbgd", org.junit.AssumptionViolatedException: got: "abbfa", expected: is "acbgd", org.junit.AssumptionViolatedException: got: "abbfb", expected: is "acbgd", org.junit.AssumptionViolatedException: got: "abbfc", expected: is "acbgd", org.junit.AssumptionViolatedException: got: "abbfd", expected: is "acbgd", org.junit.AssumptionViolatedException: got: "abbfe", expected: is "acbgd", org.junit.AssumptionViolatedException: got: "abbff", expected: is "acbgd", org.junit.AssumptionViolatedException: got: "abcaa", expected: is "acbgd", org.junit.AssumptionViolatedException: got: "abcab", expected: is "acbgd", org.junit.AssumptionViolatedException: got: "abcac", expected: is "acbgd", org.junit.AssumptionViolatedException: got: "abcad", expected: is "acbgd", org.junit.AssumptionViolatedException: got: "abcae", expected: is "acbgd", org.junit.AssumptionViolatedException: got: "abcaf", expected: is "acbgd", org.junit.AssumptionViolatedException: got: "abcba", expected: is "acbgd", org.junit.AssumptionViolatedException: got: "abcbb", expected: is "acbgd", org.junit.AssumptionViolatedException: got: "abcbc", expected: is "acbgd", org.junit.AssumptionViolatedException: got: "abcbd", expected: is "acbgd", org.junit.AssumptionViolatedException: got: "abcbe", expected: is "acbgd", org.junit.AssumptionViolatedException: got: "abcbf", expected: is "acbgd", org.junit.AssumptionViolatedException: got: "abcca", expected: is "acbgd", org.junit.AssumptionViolatedException: got: "abccb", expected: is "acbgd", org.junit.AssumptionViolatedException: got: "abccc", expected: is "acbgd", org.junit.AssumptionViolatedException: got: "abccd", expected: is "acbgd", org.junit.AssumptionViolatedException: got: "abcce", expected: is "acbgd", org.junit.AssumptionViolatedException: got: "abccf", expected: is "acbgd", org.junit.AssumptionViolatedException: got: "abcda", expected: is "acbgd", org.junit.AssumptionViolatedException: got: "abcdb", expected: is "acbgd", org.junit.AssumptionViolatedException: got: "abcdc", expected: is "acbgd", org.junit.AssumptionViolatedException: got: "abcdd", expected: is "acbgd", org.junit.AssumptionViolatedException: got: "abcde", expected: is "acbgd", org.junit.AssumptionViolatedException: got: "abcdf", expected: is "acbgd", org.junit.AssumptionViolatedException: got: "abcea", expected: is "acbgd", org.junit.AssumptionViolatedException: got: "abceb", expected: is "acbgd", org.junit.AssumptionViolatedException: got: "abcec", expected: is "acbgd", org.junit.AssumptionViolatedException: got: "abced", expected: is "acbgd", org.junit.AssumptionViolatedException: got: "abcee", expected: is "acbgd", org.junit.AssumptionViolatedException: got: "abcef", expected: is "acbgd", org.junit.AssumptionViolatedException: got: "abcfa", expected: is "acbgd", org.junit.AssumptionViolatedException: got: "abcfb", expected: is "acbgd", org.junit.AssumptionViolatedException: got: "abcfc", expected: is "acbgd", org.junit.AssumptionViolatedException: got: "abcfd", expected: is "acbgd", org.junit.AssumptionViolatedException: got: "abcfe", expected: is "acbgd", org.junit.AssumptionViolatedException: got: "abcff", expected: is "acbgd", org.junit.AssumptionViolatedException: got: "abdaa", expected: is "acbgd", org.junit.AssumptionViolatedException: got: "abdab", expected: is "acbgd", org.junit.AssumptionViolatedException: got: "abdac", expected: is "acbgd", org.junit.AssumptionViolatedException: got: "abdad", expected: is "acbgd", org.junit.AssumptionViolatedException: got: "abdae", expected: is "acbgd", org.junit.AssumptionViolatedException: got: "abdaf", expected: is "acbgd", org.junit.AssumptionViolatedException: got: "abdba", expected: is "acbgd", org.junit.AssumptionViolatedException: got: "abdbb", expected: is "acbgd", org.junit.AssumptionViolatedException: got: "abdbc", expected: is "acbgd", org.junit.AssumptionViolatedException: got: "abdbd", expected: is "acbgd", org.junit.AssumptionViolatedException: got: "abdbe", expected: is "acbgd", org.junit.AssumptionViolatedException: got: "abdbf", expected: is "acbgd", org.junit.AssumptionViolatedException: got: "abdca", expected: is "acbgd", org.junit.AssumptionViolatedException: got: "abdcb", expected: is "acbgd", org.junit.AssumptionViolatedException: got: "abdcc", expected: is "acbgd", org.junit.AssumptionViolatedException: got: "abdcd", expected: is "acbgd", org.junit.AssumptionViolatedException: got: "abdce", expected: is "acbgd", org.junit.AssumptionViolatedException: got: "abdcf", expected: is "acbgd", org.junit.AssumptionViolatedException: got: "abdda", expected: is "acbgd", org.junit.AssumptionViolatedException: got: "abddb", expected: is "acbgd", org.junit.AssumptionViolatedException: got: "abddc", expected: is "acbgd", org.junit.AssumptionViolatedException: got: "abddd", expected: is "acbgd", org.junit.AssumptionViolatedException: got: "abdde", expected: is "acbgd", org.junit.AssumptionViolatedException: got: "abddf", expected: is "acbgd", org.junit.AssumptionViolatedException: got: "abdea", expected: is "acbgd", org.junit.AssumptionViolatedException: got: "abdeb", expected: is "acbgd", org.junit.AssumptionViolatedException: got: "abdec", expected: is "acbgd", org.junit.AssumptionViolatedException: got: "abded", expected: is "acbgd", org.junit.AssumptionViolatedException: got: "abdee", expected: is "acbgd", org.junit.AssumptionViolatedException: got: "abdef", expected: is "acbgd", org.junit.AssumptionViolatedException: got: "abdfa", expected: is "acbgd", org.junit.AssumptionViolatedException: got: "abdfb", expected: is "acbgd", org.junit.AssumptionViolatedException: got: "abdfc", expected: is "acbgd", org.junit.AssumptionViolatedException: got: "abdfd", expected: is "acbgd", org.junit.AssumptionViolatedException: got: "abdfe", expected: is "acbgd", org.junit.AssumptionViolatedException: got: "abdff", expected: is "acbgd", org.junit.AssumptionViolatedException: got: "abeaa", expected: is "acbgd", org.junit.AssumptionViolatedException: got: "abeab", expected: is "acbgd", org.junit.AssumptionViolatedException: got: "abeac", expected: is "acbgd", org.junit.AssumptionViolatedException: got: "abead", expected: is "acbgd", org.junit.AssumptionViolatedException: got: "abeae", expected: is "acbgd", org.junit.AssumptionViolatedException: got: "abeaf", expected: is "acbgd", org.junit.AssumptionViolatedException: got: "abeba", expected: is "acbgd", org.junit.AssumptionViolatedException: got: "abebb", expected: is "acbgd", org.junit.AssumptionViolatedException: got: "abebc", expected: is "acbgd", org.junit.AssumptionViolatedException: got: "abebd", expected: is "acbgd", org.junit.AssumptionViolatedException: got: "abebe", expected: is "acbgd", org.junit.AssumptionViolatedException: got: "abebf", expected: is "acbgd", org.junit.AssumptionViolatedException: got: "abeca", expected: is "acbgd", org.junit.AssumptionViolatedException: got: "abecb", expected: is "acbgd", org.junit.AssumptionViolatedException: got: "abecc", expected: is "acbgd", org.junit.AssumptionViolatedException: got: "abecd", expected: is "acbgd", org.junit.AssumptionViolatedException: got: "abece", expected: is "acbgd", org.junit.AssumptionViolatedException: got: "abecf", expected: is "acbgd", org.junit.AssumptionViolatedException: got: "abeda", expected: is "acbgd", org.junit.AssumptionViolatedException: got: "abedb", expected: is "acbgd", org.junit.AssumptionViolatedException: got: "abedc", expected: is "acbgd", org.junit.AssumptionViolatedException: got: "abedd", expected: is "acbgd", org.junit.AssumptionViolatedException: got: "abede", expected: is "acbgd", org.junit.AssumptionViolatedException: got: "abedf", expected: is "acbgd", org.junit.AssumptionViolatedException: got: "abeea", expected: is "acbgd", org.junit.AssumptionViolatedException: got: "abeeb", expected: is "acbgd", org.junit.AssumptionViolatedException: got: "abeec", expected: is "acbgd", org.junit.AssumptionViolatedException: got: "abeed", expected: is "acbgd", org.junit.AssumptionViolatedException: got: "abeee", expected: is "acbgd", org.junit.AssumptionViolatedException: got: "abeef", expected: is "acbgd", org.junit.AssumptionViolatedException: got: "abefa", expected: is "acbgd", org.junit.AssumptionViolatedException: got: "abefb", expected: is "acbgd", org.junit.AssumptionViolatedException: got: "abefc", expected: is "acbgd", org.junit.AssumptionViolatedException: got: "abefd", expected: is "acbgd", org.junit.AssumptionViolatedException: got: "abefe", expected: is "acbgd", org.junit.AssumptionViolatedException: got: "abeff", expected: is "acbgd", org.junit.AssumptionViolatedException: got: "abfaa", expected: is "acbgd", org.junit.AssumptionViolatedException: got: "abfab", expected: is "acbgd", org.junit.AssumptionViolatedException: got: "abfac", expected: is "acbgd", org.junit.AssumptionViolatedException: got: "abfad", expected: is "acbgd", org.junit.AssumptionViolatedException: got: "abfae", expected: is "acbgd", org.junit.AssumptionViolatedException: got: "abfaf", expected: is "acbgd", org.junit.AssumptionViolatedException: got: "abfba", expected: is "acbgd", org.junit.AssumptionViolatedException: got: "abfbb", expected: is "acbgd", org.junit.AssumptionViolatedException: got: "abfbc", expected: is "acbgd", org.junit.AssumptionViolatedException: got: "abfbd", expected: is "acbgd", org.junit.AssumptionViolatedException: got: "abfbe", expected: is "acbgd", org.junit.AssumptionViolatedException: got: "abfbf", expected: is "acbgd", org.junit.AssumptionViolatedException: got: "abfca", expected: is "acbgd", org.junit.AssumptionViolatedException: got: "abfcb", expected: is "acbgd", org.junit.AssumptionViolatedException: got: "abfcc", expected: is "acbgd", org.junit.AssumptionViolatedException: got: "abfcd", expected: is "acbgd", org.junit.AssumptionViolatedException: got: "abfce", expected: is "acbgd", org.junit.AssumptionViolatedException: got: "abfcf", expected: is "acbgd", org.junit.AssumptionViolatedException: got: "abfda", expected: is "acbgd", org.junit.AssumptionViolatedException: got: "abfdb", expected: is "acbgd", org.junit.AssumptionViolatedException: got: "abfdc", expected: is "acbgd", org.junit.AssumptionViolatedException: got: "abfdd", expected: is "acbgd", org.junit.AssumptionViolatedException: got: "abfde", expected: is "acbgd", org.junit.AssumptionViolatedException: got: "abfdf", expected: is "acbgd", org.junit.AssumptionViolatedException: got: "abfea", expected: is "acbgd", org.junit.AssumptionViolatedException: got: "abfeb", expected: is "acbgd", org.junit.AssumptionViolatedException: got: "abfec", expected: is "acbgd", org.junit.AssumptionViolatedException: got: "abfed", expected: is "acbgd", org.junit.AssumptionViolatedException: got: "abfee", expected: is "acbgd", org.junit.AssumptionViolatedException: got: "abfef", expected: is "acbgd", org.junit.AssumptionViolatedException: got: "abffa", expected: is "acbgd", org.junit.AssumptionViolatedException: got: "abffb", expected: is "acbgd", org.junit.AssumptionViolatedException: got: "abffc", expected: is "acbgd", org.junit.AssumptionViolatedException: got: "abffd", expected: is "acbgd", org.junit.AssumptionViolatedException: got: "abffe", expected: is "acbgd", org.junit.AssumptionViolatedException: got: "abfff", expected: is "acbgd", org.junit.AssumptionViolatedException: got: "acaaa", expected: is "acbgd", org.junit.AssumptionViolatedException: got: "acaab", expected: is "acbgd", org.junit.AssumptionViolatedException: got: "acaac", expected: is "acbgd", org.junit.AssumptionViolatedException: got: "acaad", expected: is "acbgd", org.junit.AssumptionViolatedException: got: "acaae", expected: is "acbgd", org.junit.AssumptionViolatedException: got: "acaaf", expected: is "acbgd", org.junit.AssumptionViolatedException: got: "acaba", expected: is "acbgd", org.junit.AssumptionViolatedException: got: "acabb", expected: is "acbgd", org.junit.AssumptionViolatedException: got: "acabc", expected: is "acbgd", org.junit.AssumptionViolatedException: got: "acabd", expected: is "acbgd", org.junit.AssumptionViolatedException: got: "acabe", expected: is "acbgd", org.junit.AssumptionViolatedException: got: "acabf", expected: is "acbgd", org.junit.AssumptionViolatedException: got: "acaca", expected: is "acbgd", org.junit.AssumptionViolatedException: got: "acacb", expected: is "acbgd", org.junit.AssumptionViolatedException: got: "acacc", expected: is "acbgd", org.junit.AssumptionViolatedException: got: "acacd", expected: is "acbgd", org.junit.AssumptionViolatedException: got: "acace", expected: is "acbgd", org.junit.AssumptionViolatedException: got: "acacf", expected: is "acbgd", org.junit.AssumptionViolatedException: got: "acada", expected: is "acbgd", org.junit.AssumptionViolatedException: got: "acadb", expected: is "acbgd", org.junit.AssumptionViolatedException: got: "acadc", expected: is "acbgd", org.junit.AssumptionViolatedException: got: "acadd", expected: is "acbgd", org.junit.AssumptionViolatedException: got: "acade", expected: is "acbgd", org.junit.AssumptionViolatedException: got: "acadf", expected: is "acbgd", org.junit.AssumptionViolatedException: got: "acaea", expected: is "acbgd", org.junit.AssumptionViolatedException: got: "acaeb", expected: is "acbgd", org.junit.AssumptionViolatedException: got: "acaec", expected: is "acbgd", org.junit.AssumptionViolatedException: got: "acaed", expected: is "acbgd", org.junit.AssumptionViolatedException: got: "acaee", expected: is "acbgd", org.junit.AssumptionViolatedException: got: "acaef", expected: is "acbgd", org.junit.AssumptionViolatedException: got: "acafa", expected: is "acbgd", org.junit.AssumptionViolatedException: got: "acafb", expected: is "acbgd", org.junit.AssumptionViolatedException: got: "acafc", expected: is "acbgd", org.junit.AssumptionViolatedException: got: "acafd", expected: is "acbgd", org.junit.AssumptionViolatedException: got: "acafe", expected: is "acbgd", org.junit.AssumptionViolatedException: got: "acaff", expected: is "acbgd", org.junit.AssumptionViolatedException: got: "acbaa", expected: is "acbgd", org.junit.AssumptionViolatedException: got: "acbab", expected: is "acbgd", org.junit.AssumptionViolatedException: got: "acbac", expected: is "acbgd", org.junit.AssumptionViolatedException: got: "acbad", expected: is "acbgd", org.junit.AssumptionViolatedException: got: "acbae", expected: is "acbgd", org.junit.AssumptionViolatedException: got: "acbaf", expected: is "acbgd", org.junit.AssumptionViolatedException: got: "acbba", expected: is "acbgd", org.junit.AssumptionViolatedException: got: "acbbb", expected: is "acbgd", org.junit.AssumptionViolatedException: got: "acbbc", expected: is "acbgd", org.junit.AssumptionViolatedException: got: "acbbd", expected: is "acbgd", org.junit.AssumptionViolatedException: got: "acbbe", expected: is "acbgd", org.junit.AssumptionViolatedException: got: "acbbf", expected: is "acbgd", org.junit.AssumptionViolatedException: got: "acbca", expected: is "acbgd", org.junit.AssumptionViolatedException: got: "acbcb", expected: is "acbgd", org.junit.AssumptionViolatedException: got: "acbcc", expected: is "acbgd", org.junit.AssumptionViolatedException: got: "acbcd", expected: is "acbgd", org.junit.AssumptionViolatedException: got: "acbce", expected: is "acbgd", org.junit.AssumptionViolatedException: got: "acbcf", expected: is "acbgd", org.junit.AssumptionViolatedException: got: "acbda", expected: is "acbgd", org.junit.AssumptionViolatedException: got: "acbdb", expected: is "acbgd", org.junit.AssumptionViolatedException: got: "acbdc", expected: is "acbgd", org.junit.AssumptionViolatedException: got: "acbdd", expected: is "acbgd", org.junit.AssumptionViolatedException: got: "acbde", expected: is "acbgd", org.junit.AssumptionViolatedException: got: "acbdf", expected: is "acbgd", org.junit.AssumptionViolatedException: got: "acbea", expected: is "acbgd", org.junit.AssumptionViolatedException: got: "acbeb", expected: is "acbgd", org.junit.AssumptionViolatedException: got: "acbec", expected: is "acbgd", org.junit.AssumptionViolatedException: got: "acbed", expected: is "acbgd", org.junit.AssumptionViolatedException: got: "acbee", expected: is "acbgd", org.junit.AssumptionViolatedException: got: "acbef", expected: is "acbgd", org.junit.AssumptionViolatedException: got: "acbfa", expected: is "acbgd", org.junit.AssumptionViolatedException: got: "acbfb", expected: is "acbgd", org.junit.AssumptionViolatedException: got: "acbfc", expected: is "acbgd", org.junit.AssumptionViolatedException: got: "acbfd", expected: is "acbgd", org.junit.AssumptionViolatedException: got: "acbfe", expected: is "acbgd", org.junit.AssumptionViolatedException: got: "acbff", expected: is "acbgd", org.junit.AssumptionViolatedException: got: "accaa", expected: is "acbgd", org.junit.AssumptionViolatedException: got: "accab", expected: is "acbgd", org.junit.AssumptionViolatedException: got: "accac", expected: is "acbgd", org.junit.AssumptionViolatedException: got: "accad", expected: is "acbgd", org.junit.AssumptionViolatedException: got: "accae", expected: is "acbgd", org.junit.AssumptionViolatedException: got: "accaf", expected: is "acbgd", org.junit.AssumptionViolatedException: got: "accba", expected: is "acbgd", org.junit.AssumptionViolatedException: got: "accbb", expected: is "acbgd", org.junit.AssumptionViolatedException: got: "accbc", expected: is "acbgd", org.junit.AssumptionViolatedException: got: "accbd", expected: is "acbgd", org.junit.AssumptionViolatedException: got: "accbe", expected: is "acbgd", org.junit.AssumptionViolatedException: got: "accbf", expected: is "acbgd", org.junit.AssumptionViolatedException: got: "accca", expected: is "acbgd", org.junit.AssumptionViolatedException: got: "acccb", expected: is "acbgd", org.junit.AssumptionViolatedException: got: "acccc", expected: is "acbgd", org.junit.AssumptionViolatedException: got: "acccd", expected: is "acbgd", org.junit.AssumptionViolatedException: got: "accce", expected: is "acbgd", org.junit.AssumptionViolatedException: got: "acccf", expected: is "acbgd", org.junit.AssumptionViolatedException: got: "accda", expected: is "acbgd", org.junit.AssumptionViolatedException: got: "accdb", expected: is "acbgd", org.junit.AssumptionViolatedException: got: "accdc", expected: is "acbgd", org.junit.AssumptionViolatedException: got: "accdd", expected: is "acbgd", org.junit.AssumptionViolatedException: got: "accde", expected: is "acbgd", org.junit.AssumptionViolatedException: got: "accdf", expected: is "acbgd", org.junit.AssumptionViolatedException: got: "accea", expected: is "acbgd", org.junit.AssumptionViolatedException: got: "acceb", expected: is "acbgd", org.junit.AssumptionViolatedException: got: "accec", expected: is "acbgd", org.junit.AssumptionViolatedException: got: "acced", expected: is "acbgd", org.junit.AssumptionViolatedException: got: "accee", expected: is "acbgd", org.junit.AssumptionViolatedException: got: "accef", expected: is "acbgd", org.junit.AssumptionViolatedException: got: "accfa", expected: is "acbgd", org.junit.AssumptionViolatedException: got: "accfb", expected: is "acbgd", org.junit.AssumptionViolatedException: got: "accfc", expected: is "acbgd", org.junit.AssumptionViolatedException: got: "accfd", expected: is "acbgd", org.junit.AssumptionViolatedException: got: "accfe", expected: is "acbgd", org.junit.AssumptionViolatedException: got: "accff", expected: is "acbgd", org.junit.AssumptionViolatedException: got: "acdaa", expected: is "acbgd", org.junit.AssumptionViolatedException: got: "acdab", expected: is "acbgd", org.junit.AssumptionViolatedException: got: "acdac", expected: is "acbgd", org.junit.AssumptionViolatedException: got: "acdad", expected: is "acbgd", org.junit.AssumptionViolatedException: got: "acdae", expected: is "acbgd", org.junit.AssumptionViolatedException: got: "acdaf", expected: is "acbgd", org.junit.AssumptionViolatedException: got: "acdba", expected: is "acbgd", org.junit.AssumptionViolatedException: got: "acdbb", expected: is "acbgd", org.junit.AssumptionViolatedException: got: "acdbc", expected: is "acbgd", org.junit.AssumptionViolatedException: got: "acdbd", expected: is "acbgd", org.junit.AssumptionViolatedException: got: "acdbe", expected: is "acbgd", org.junit.AssumptionViolatedException: got: "acdbf", expected: is "acbgd", org.junit.AssumptionViolatedException: got: "acdca", expected: is "acbgd", org.junit.AssumptionViolatedException: got: "acdcb", expected: is "acbgd", org.junit.AssumptionViolatedException: got: "acdcc", expected: is "acbgd", org.junit.AssumptionViolatedException: got: "acdcd", expected: is "acbgd", org.junit.AssumptionViolatedException: got: "acdce", expected: is "acbgd", org.junit.AssumptionViolatedException: got: "acdcf", expected: is "acbgd", org.junit.AssumptionViolatedException: got: "acdda", expected: is "acbgd", org.junit.AssumptionViolatedException: got: "acddb", expected: is "acbgd", org.junit.AssumptionViolatedException: got: "acddc", expected: is "acbgd", org.junit.AssumptionViolatedException: got: "acddd", expected: is "acbgd", org.junit.AssumptionViolatedException: got: "acdde", expected: is "acbgd", org.junit.AssumptionViolatedException: got: "acddf", expected: is "acbgd", org.junit.AssumptionViolatedException: got: "acdea", expected: is "acbgd", org.junit.AssumptionViolatedException: got: "acdeb", expected: is "acbgd", org.junit.AssumptionViolatedException: got: "acdec", expected: is "acbgd", org.junit.AssumptionViolatedException: got: "acded", expected: is "acbgd", org.junit.AssumptionViolatedException: got: "acdee", expected: is "acbgd", org.junit.AssumptionViolatedException: got: "acdef", expected: is "acbgd", org.junit.AssumptionViolatedException: got: "acdfa", expected: is "acbgd", org.junit.AssumptionViolatedException: got: "acdfb", expected: is "acbgd", org.junit.AssumptionViolatedException: got: "acdfc", expected: is "acbgd", org.junit.AssumptionViolatedException: got: "acdfd", expected: is "acbgd", org.junit.AssumptionViolatedException: got: "acdfe", expected: is "acbgd", org.junit.AssumptionViolatedException: got: "acdff", expected: is "acbgd", org.junit.AssumptionViolatedException: got: "aceaa", expected: is "acbgd", org.junit.AssumptionViolatedException: got: "aceab", expected: is "acbgd", org.junit.AssumptionViolatedException: got: "aceac", expected: is "acbgd", org.junit.AssumptionViolatedException: got: "acead", expected: is "acbgd", org.junit.AssumptionViolatedException: got: "aceae", expected: is "acbgd", org.junit.AssumptionViolatedException: got: "aceaf", expected: is "acbgd", org.junit.AssumptionViolatedException: got: "aceba", expected: is "acbgd", org.junit.AssumptionViolatedException: got: "acebb", expected: is "acbgd", org.junit.AssumptionViolatedException: got: "acebc", expected: is "acbgd", org.junit.AssumptionViolatedException: got: "acebd", expected: is "acbgd", org.junit.AssumptionViolatedException: got: "acebe", expected: is "acbgd", org.junit.AssumptionViolatedException: got: "acebf", expected: is "acbgd", org.junit.AssumptionViolatedException: got: "aceca", expected: is "acbgd", org.junit.AssumptionViolatedException: got: "acecb", expected: is "acbgd", org.junit.AssumptionViolatedException: got: "acecc", expected: is "acbgd", org.junit.AssumptionViolatedException: got: "acecd", expected: is "acbgd", org.junit.AssumptionViolatedException: got: "acece", expected: is "acbgd", org.junit.AssumptionViolatedException: got: "acecf", expected: is "acbgd", org.junit.AssumptionViolatedException: got: "aceda", expected: is "acbgd", org.junit.AssumptionViolatedException: got: "acedb", expected: is "acbgd", org.junit.AssumptionViolatedException: got: "acedc", expected: is "acbgd", org.junit.AssumptionViolatedException: got: "acedd", expected: is "acbgd", org.junit.AssumptionViolatedException: got: "acede", expected: is "acbgd", org.junit.AssumptionViolatedException: got: "acedf", expected: is "acbgd", org.junit.AssumptionViolatedException: got: "aceea", expected: is "acbgd", org.junit.AssumptionViolatedException: got: "aceeb", expected: is "acbgd", org.junit.AssumptionViolatedException: got: "aceec", expected: is "acbgd", org.junit.AssumptionViolatedException: got: "aceed", expected: is "acbgd", org.junit.AssumptionViolatedException: got: "aceee", expected: is "acbgd", org.junit.AssumptionViolatedException: got: "aceef", expected: is "acbgd", org.junit.AssumptionViolatedException: got: "acefa", expected: is "acbgd", org.junit.AssumptionViolatedException: got: "acefb", expected: is "acbgd", org.junit.AssumptionViolatedException: got: "acefc", expected: is "acbgd", org.junit.AssumptionViolatedException: got: "acefd", expected: is "acbgd", org.junit.AssumptionViolatedException: got: "acefe", expected: is "acbgd", org.junit.AssumptionViolatedException: got: "aceff", expected: is "acbgd", org.junit.AssumptionViolatedException: got: "acfaa", expected: is "acbgd", org.junit.AssumptionViolatedException: got: "acfab", expected: is "acbgd", org.junit.AssumptionViolatedException: got: "acfac", expected: is "acbgd", org.junit.AssumptionViolatedException: got: "acfad", expected: is "acbgd", org.junit.AssumptionViolatedException: got: "acfae", expected: is "acbgd", org.junit.AssumptionViolatedException: got: "acfaf", expected: is "acbgd", org.junit.AssumptionViolatedException: got: "acfba", expected: is "acbgd", org.junit.AssumptionViolatedException: got: "acfbb", expected: is "acbgd", org.junit.AssumptionViolatedException: got: "acfbc", expected: is "acbgd", org.junit.AssumptionViolatedException: got: "acfbd", expected: is "acbgd", org.junit.AssumptionViolatedException: got: "acfbe", expected: is "acbgd", org.junit.AssumptionViolatedException: got: "acfbf", expected: is "acbgd", org.junit.AssumptionViolatedException: got: "acfca", expected: is "acbgd", org.junit.AssumptionViolatedException: got: "acfcb", expected: is "acbgd", org.junit.AssumptionViolatedException: got: "acfcc", expected: is "acbgd", org.junit.AssumptionViolatedException: got: "acfcd", expected: is "acbgd", org.junit.AssumptionViolatedException: got: "acfce", expected: is "acbgd", org.junit.AssumptionViolatedException: got: "acfcf", expected: is "acbgd", org.junit.AssumptionViolatedException: got: "acfda", expected: is "acbgd", org.junit.AssumptionViolatedException: got: "acfdb", expected: is "acbgd", org.junit.AssumptionViolatedException: got: "acfdc", expected: is "acbgd", org.junit.AssumptionViolatedException: got: "acfdd", expected: is "acbgd", org.junit.AssumptionViolatedException: got: "acfde", expected: is "acbgd", org.junit.AssumptionViolatedException: got: "acfdf", expected: is "acbgd", org.junit.AssumptionViolatedException: got: "acfea", expected: is "acbgd", org.junit.AssumptionViolatedException: got: "acfeb", expected: is "acbgd", org.junit.AssumptionViolatedException: got: "acfec", expected: is "acbgd", org.junit.AssumptionViolatedException: got: "acfed", expected: is "acbgd", org.junit.AssumptionViolatedException: got: "acfee", expected: is "acbgd", org.junit.AssumptionViolatedException: got: "acfef", expected: is "acbgd", org.junit.AssumptionViolatedException: got: "acffa", expected: is "acbgd", org.junit.AssumptionViolatedException: got: "acffb", expected: is "acbgd", org.junit.AssumptionViolatedException: got: "acffc", expected: is "acbgd", org.junit.AssumptionViolatedException: got: "acffd", expected: is "acbgd", org.junit.AssumptionViolatedException: got: "acffe", expected: is "acbgd", org.junit.AssumptionViolatedException: got: "acfff", expected: is "acbgd", org.junit.AssumptionViolatedException: got: "adaaa", expected: is "acbgd", org.junit.AssumptionViolatedException: got: "adaab", expected: is "acbgd", org.junit.AssumptionViolatedException: got: "adaac", expected: is "acbgd", org.junit.AssumptionViolatedException: got: "adaad", expected: is "acbgd", org.junit.AssumptionViolatedException: got: "adaae", expected: is "acbgd", org.junit.AssumptionViolatedException: got: "adaaf", expected: is "acbgd", org.junit.AssumptionViolatedException: got: "adaba", expected: is "acbgd", org.junit.AssumptionViolatedException: got: "adabb", expected: is "acbgd", org.junit.AssumptionViolatedException: got: "adabc", expected: is "acbgd", org.junit.AssumptionViolatedException: got: "adabd", expected: is "acbgd", org.junit.AssumptionViolatedException: got: "adabe", expected: is "acbgd", org.junit.AssumptionViolatedException: got: "adabf", expected: is "acbgd", org.junit.AssumptionViolatedException: got: "adaca", expected: is "acbgd", org.junit.AssumptionViolatedException: got: "adacb", expected: is "acbgd", org.junit.AssumptionViolatedException: got: "adacc", expected: is "acbgd", org.junit.AssumptionViolatedException: got: "adacd", expected: is "acbgd", org.junit.AssumptionViolatedException: got: "adace", expected: is "acbgd", org.junit.AssumptionViolatedException: got: "adacf", expected: is "acbgd", org.junit.AssumptionViolatedException: got: "adada", expected: is "acbgd", org.junit.AssumptionViolatedException: got: "adadb", expected: is "acbgd", org.junit.AssumptionViolatedException: got: "adadc", expected: is "acbgd", org.junit.AssumptionViolatedException: got: "adadd", expected: is "acbgd", org.junit.AssumptionViolatedException: got: "adade", expected: is "acbgd", org.junit.AssumptionViolatedException: got: "adadf", expected: is "acbgd", org.junit.AssumptionViolatedException: got: "adaea", expected: is "acbgd", org.junit.AssumptionViolatedException: got: "adaeb", expected: is "acbgd", org.junit.AssumptionViolatedException: got: "adaec", expected: is "acbgd", org.junit.AssumptionViolatedException: got: "adaed", expected: is "acbgd", org.junit.AssumptionViolatedException: got: "adaee", expected: is "acbgd", org.junit.AssumptionViolatedException: got: "adaef", expected: is "acbgd", org.junit.AssumptionViolatedException: got: "adafa", expected: is "acbgd", org.junit.AssumptionViolatedException: got: "adafb", expected: is "acbgd", org.junit.AssumptionViolatedException: got: "adafc", expected: is "acbgd", org.junit.AssumptionViolatedException: got: "adafd", expected: is "acbgd", org.junit.AssumptionViolatedException: got: "adafe", expected: is "acbgd", org.junit.AssumptionViolatedException: got: "adaff", expected: is "acbgd", org.junit.AssumptionViolatedException: got: "adbaa", expected: is "acbgd", org.junit.AssumptionViolatedException: got: "adbab", expected: is "acbgd", org.junit.AssumptionViolatedException: got: "adbac", expected: is "acbgd", org.junit.AssumptionViolatedException: got: "adbad", expected: is "acbgd", org.junit.AssumptionViolatedException: got: "adbae", expected: is "acbgd", org.junit.AssumptionViolatedException: got: "adbaf", expected: is "acbgd", org.junit.AssumptionViolatedException: got: "adbba", expected: is "acbgd", org.junit.AssumptionViolatedException: got: "adbbb", expected: is "acbgd", org.junit.AssumptionViolatedException: got: "adbbc", expected: is "acbgd", org.junit.AssumptionViolatedException: got: "adbbd", expected: is "acbgd", org.junit.AssumptionViolatedException: got: "adbbe", expected: is "acbgd", org.junit.AssumptionViolatedException: got: "adbbf", expected: is "acbgd", org.junit.AssumptionViolatedException: got: "adbca", expected: is "acbgd", org.junit.AssumptionViolatedException: got: "adbcb", expected: is "acbgd", org.junit.AssumptionViolatedException: got: "adbcc", expected: is "acbgd", org.junit.AssumptionViolatedException: got: "adbcd", expected: is "acbgd", org.junit.AssumptionViolatedException: got: "adbce", expected: is "acbgd", org.junit.AssumptionViolatedException: got: "adbcf", expected: is "acbgd", org.junit.AssumptionViolatedException: got: "adbda", expected: is "acbgd", org.junit.AssumptionViolatedException: got: "adbdb", expected: is "acbgd", org.junit.AssumptionViolatedException: got: "adbdc", expected: is "acbgd", org.junit.AssumptionViolatedException: got: "adbdd", expected: is "acbgd", org.junit.AssumptionViolatedException: got: "adbde", expected: is "acbgd", org.junit.AssumptionViolatedException: got: "adbdf", expected: is "acbgd", org.junit.AssumptionViolatedException: got: "adbea", expected: is "acbgd", org.junit.AssumptionViolatedException: got: "adbeb", expected: is "acbgd", org.junit.AssumptionViolatedException: got: "adbec", expected: is "acbgd", org.junit.AssumptionViolatedException: got: "adbed", expected: is "acbgd", org.junit.AssumptionViolatedException: got: "adbee", expected: is "acbgd", org.junit.AssumptionViolatedException: got: "adbef", expected: is "acbgd", org.junit.AssumptionViolatedException: got: "adbfa", expected: is "acbgd", org.junit.AssumptionViolatedException: got: "adbfb", expected: is "acbgd", org.junit.AssumptionViolatedException: got: "adbfc", expected: is "acbgd", org.junit.AssumptionViolatedException: got: "adbfd", expected: is "acbgd", org.junit.AssumptionViolatedException: got: "adbfe", expected: is "acbgd", org.junit.AssumptionViolatedException: got: "adbff", expected: is "acbgd", org.junit.AssumptionViolatedException: got: "adcaa", expected: is "acbgd", org.junit.AssumptionViolatedException: got: "adcab", expected: is "acbgd", org.junit.AssumptionViolatedException: got: "adcac", expected: is "acbgd", org.junit.AssumptionViolatedException: got: "adcad", expected: is "acbgd", org.junit.AssumptionViolatedException: got: "adcae", expected: is "acbgd", org.junit.AssumptionViolatedException: got: "adcaf", expected: is "acbgd", org.junit.AssumptionViolatedException: got: "adcba", expected: is "acbgd", org.junit.AssumptionViolatedException: got: "adcbb", expected: is "acbgd", org.junit.AssumptionViolatedException: got: "adcbc", expected: is "acbgd", org.junit.AssumptionViolatedException: got: "adcbd", expected: is "acbgd", org.junit.AssumptionViolatedException: got: "adcbe", expected: is "acbgd", org.junit.AssumptionViolatedException: got: "adcbf", expected: is "acbgd", org.junit.AssumptionViolatedException: got: "adcca", expected: is "acbgd", org.junit.AssumptionViolatedException: got: "adccb", expected: is "acbgd", org.junit.AssumptionViolatedException: got: "adccc", expected: is "acbgd", org.junit.AssumptionViolatedException: got: "adccd", expected: is "acbgd", org.junit.AssumptionViolatedException: got: "adcce", expected: is "acbgd", org.junit.AssumptionViolatedException: got: "adccf", expected: is "acbgd", org.junit.AssumptionViolatedException: got: "adcda", expected: is "acbgd", org.junit.AssumptionViolatedException: got: "adcdb", expected: is "acbgd", org.junit.AssumptionViolatedException: got: "adcdc", expected: is "acbgd", org.junit.AssumptionViolatedException: got: "adcdd", expected: is "acbgd", org.junit.AssumptionViolatedException: got: "adcde", expected: is "acbgd", org.junit.AssumptionViolatedException: got: "adcdf", expected: is "acbgd", org.junit.AssumptionViolatedException: got: "adcea", expected: is "acbgd", org.junit.AssumptionViolatedException: got: "adceb", expected: is "acbgd", org.junit.AssumptionViolatedException: got: "adcec", expected: is "acbgd", org.junit.AssumptionViolatedException: got: "adced", expected: is "acbgd", org.junit.AssumptionViolatedException: got: "adcee", expected: is "acbgd", org.junit.AssumptionViolatedException: got: "adcef", expected: is "acbgd", org.junit.AssumptionViolatedException: got: "adcfa", expected: is "acbgd", org.junit.AssumptionViolatedException: got: "adcfb", expected: is "acbgd", org.junit.AssumptionViolatedException: got: "adcfc", expected: is "acbgd", org.junit.AssumptionViolatedException: got: "adcfd", expected: is "acbgd", org.junit.AssumptionViolatedException: got: "adcfe", expected: is "acbgd", org.junit.AssumptionViolatedException: got: "adcff", expected: is "acbgd", org.junit.AssumptionViolatedException: got: "addaa", expected: is "acbgd", org.junit.AssumptionViolatedException: got: "addab", expected: is "acbgd", org.junit.AssumptionViolatedException: got: "addac", expected: is "acbgd", org.junit.AssumptionViolatedException: got: "addad", expected: is "acbgd", org.junit.AssumptionViolatedException: got: "addae", expected: is "acbgd", org.junit.AssumptionViolatedException: got: "addaf", expected: is "acbgd", org.junit.AssumptionViolatedException: got: "addba", expected: is "acbgd", org.junit.AssumptionViolatedException: got: "addbb", expected: is "acbgd", org.junit.AssumptionViolatedException: got: "addbc", expected: is "acbgd", org.junit.AssumptionViolatedException: got: "addbd", expected: is "acbgd", org.junit.AssumptionViolatedException: got: "addbe", expected: is "acbgd", org.junit.AssumptionViolatedException: got: "addbf", expected: is "acbgd", org.junit.AssumptionViolatedException: got: "addca", expected: is "acbgd", org.junit.AssumptionViolatedException: got: "addcb", expected: is "acbgd", org.junit.AssumptionViolatedException: got: "addcc", expected: is "acbgd", org.junit.AssumptionViolatedException: got: "addcd", expected: is "acbgd", org.junit.AssumptionViolatedException: got: "addce", expected: is "acbgd", org.junit.AssumptionViolatedException: got: "addcf", expected: is "acbgd", org.junit.AssumptionViolatedException: got: "addda", expected: is "acbgd", org.junit.AssumptionViolatedException: got: "adddb", expected: is "acbgd", org.junit.AssumptionViolatedException: got: "adddc", expected: is "acbgd", org.junit.AssumptionViolatedException: got: "adddd", expected: is "acbgd", org.junit.AssumptionViolatedException: got: "addde", expected: is "acbgd", org.junit.AssumptionViolatedException: got: "adddf", expected: is "acbgd", org.junit.AssumptionViolatedException: got: "addea", expected: is "acbgd", org.junit.AssumptionViolatedException: got: "addeb", expected: is "acbgd", org.junit.AssumptionViolatedException: got: "addec", expected: is "acbgd", org.junit.AssumptionViolatedException: got: "added", expected: is "acbgd", org.junit.AssumptionViolatedException: got: "addee", expected: is "acbgd", org.junit.AssumptionViolatedException: got: "addef", expected: is "acbgd", org.junit.AssumptionViolatedException: got: "addfa", expected: is "acbgd", org.junit.AssumptionViolatedException: got: "addfb", expected: is "acbgd", org.junit.AssumptionViolatedException: got: "addfc", expected: is "acbgd", org.junit.AssumptionViolatedException: got: "addfd", expected: is "acbgd", org.junit.AssumptionViolatedException: got: "addfe", expected: is "acbgd", org.junit.AssumptionViolatedException: got: "addff", expected: is "acbgd", org.junit.AssumptionViolatedException: got: "adeaa", expected: is "acbgd", org.junit.AssumptionViolatedException: got: "adeab", expected: is "acbgd", org.junit.AssumptionViolatedException: got: "adeac", expected: is "acbgd", org.junit.AssumptionViolatedException: got: "adead", expected: is "acbgd", org.junit.AssumptionViolatedException: got: "adeae", expected: is "acbgd", org.junit.AssumptionViolatedException: got: "adeaf", expected: is "acbgd", org.junit.AssumptionViolatedException: got: "adeba", expected: is "acbgd", org.junit.AssumptionViolatedException: got: "adebb", expected: is "acbgd", org.junit.AssumptionViolatedException: got: "adebc", expected: is "acbgd", org.junit.AssumptionViolatedException: got: "adebd", expected: is "acbgd", org.junit.AssumptionViolatedException: got: "adebe", expected: is "acbgd", org.junit.AssumptionViolatedException: got: "adebf", expected: is "acbgd", org.junit.AssumptionViolatedException: got: "adeca", expected: is "acbgd", org.junit.AssumptionViolatedException: got: "adecb", expected: is "acbgd", org.junit.AssumptionViolatedException: got: "adecc", expected: is "acbgd", org.junit.AssumptionViolatedException: got: "adecd", expected: is "acbgd", org.junit.AssumptionViolatedException: got: "adece", expected: is "acbgd", org.junit.AssumptionViolatedException: got: "adecf", expected: is "acbgd", org.junit.AssumptionViolatedException: got: "adeda", expected: is "acbgd", org.junit.AssumptionViolatedException: got: "adedb", expected: is "acbgd", org.junit.AssumptionViolatedException: got: "adedc", expected: is "acbgd", org.junit.AssumptionViolatedException: got: "adedd", expected: is "acbgd", org.junit.AssumptionViolatedException: got: "adede", expected: is "acbgd", org.junit.AssumptionViolatedException: got: "adedf", expected: is "acbgd", org.junit.AssumptionViolatedException: got: "adeea", expected: is "acbgd", org.junit.AssumptionViolatedException: got: "adeeb", expected: is "acbgd", org.junit.AssumptionViolatedException: got: "adeec", expected: is "acbgd", org.junit.AssumptionViolatedException: got: "adeed", expected: is "acbgd", org.junit.AssumptionViolatedException: got: "adeee", expected: is "acbgd", org.junit.AssumptionViolatedException: got: "adeef", expected: is "acbgd", org.junit.AssumptionViolatedException: got: "adefa", expected: is "acbgd", org.junit.AssumptionViolatedException: got: "adefb", expected: is "acbgd", org.junit.AssumptionViolatedException: got: "adefc", expected: is "acbgd", org.junit.AssumptionViolatedException: got: "adefd", expected: is "acbgd", org.junit.AssumptionViolatedException: got: "adefe", expected: is "acbgd", org.junit.AssumptionViolatedException: got: "adeff", expected: is "acbgd", org.junit.AssumptionViolatedException: got: "adfaa", expected: is "acbgd", org.junit.AssumptionViolatedException: got: "adfab", expected: is "acbgd", org.junit.AssumptionViolatedException: got: "adfac", expected: is "acbgd", org.junit.AssumptionViolatedException: got: "adfad", expected: is "acbgd", org.junit.AssumptionViolatedException: got: "adfae", expected: is "acbgd", org.junit.AssumptionViolatedException: got: "adfaf", expected: is "acbgd", org.junit.AssumptionViolatedException: got: "adfba", expected: is "acbgd", org.junit.AssumptionViolatedException: got: "adfbb", expected: is "acbgd", org.junit.AssumptionViolatedException: got: "adfbc", expected: is "acbgd", org.junit.AssumptionViolatedException: got: "adfbd", expected: is "acbgd", org.junit.AssumptionViolatedException: got: "adfbe", expected: is "acbgd", org.junit.AssumptionViolatedException: got: "adfbf", expected: is "acbgd", org.junit.AssumptionViolatedException: got: "adfca", expected: is "acbgd", org.junit.AssumptionViolatedException: got: "adfcb", expected: is "acbgd", org.junit.AssumptionViolatedException: got: "adfcc", expected: is "acbgd", org.junit.AssumptionViolatedException: got: "adfcd", expected: is "acbgd", org.junit.AssumptionViolatedException: got: "adfce", expected: is "acbgd", org.junit.AssumptionViolatedException: got: "adfcf", expected: is "acbgd", org.junit.AssumptionViolatedException: got: "adfda", expected: is "acbgd", org.junit.AssumptionViolatedException: got: "adfdb", expected: is "acbgd", org.junit.AssumptionViolatedException: got: "adfdc", expected: is "acbgd", org.junit.AssumptionViolatedException: got: "adfdd", expected: is "acbgd", org.junit.AssumptionViolatedException: got: "adfde", expected: is "acbgd", org.junit.AssumptionViolatedException: got: "adfdf", expected: is "acbgd", org.junit.AssumptionViolatedException: got: "adfea", expected: is "acbgd", org.junit.AssumptionViolatedException: got: "adfeb", expected: is "acbgd", org.junit.AssumptionViolatedException: got: "adfec", expected: is "acbgd", org.junit.AssumptionViolatedException: got: "adfed", expected: is "acbgd", org.junit.AssumptionViolatedException: got: "adfee", expected: is "acbgd", org.junit.AssumptionViolatedException: got: "adfef", expected: is "acbgd", org.junit.AssumptionViolatedException: got: "adffa", expected: is "acbgd", org.junit.AssumptionViolatedException: got: "adffb", expected: is "acbgd", org.junit.AssumptionViolatedException: got: "adffc", expected: is "acbgd", org.junit.AssumptionViolatedException: got: "adffd", expected: is "acbgd", org.junit.AssumptionViolatedException: got: "adffe", expected: is "acbgd", org.junit.AssumptionViolatedException: got: "adfff", expected: is "acbgd", org.junit.AssumptionViolatedException: got: "aeaaa", expected: is "acbgd", org.junit.AssumptionViolatedException: got: "aeaab", expected: is "acbgd", org.junit.AssumptionViolatedException: got: "aeaac", expected: is "acbgd", org.junit.AssumptionViolatedException: got: "aeaad", expected: is "acbgd", org.junit.AssumptionViolatedException: got: "aeaae", expected: is "acbgd", org.junit.AssumptionViolatedException: got: "aeaaf", expected: is "acbgd", org.junit.AssumptionViolatedException: got: "aeaba", expected: is "acbgd", org.junit.AssumptionViolatedException: got: "aeabb", expected: is "acbgd", org.junit.AssumptionViolatedException: got: "aeabc", expected: is "acbgd", org.junit.AssumptionViolatedException: got: "aeabd", expected: is "acbgd", org.junit.AssumptionViolatedException: got: "aeabe", expected: is "acbgd", org.junit.AssumptionViolatedException: got: "aeabf", expected: is "acbgd", org.junit.AssumptionViolatedException: got: "aeaca", expected: is "acbgd", org.junit.AssumptionViolatedException: got: "aeacb", expected: is "acbgd", org.junit.AssumptionViolatedException: got: "aeacc", expected: is "acbgd", org.junit.AssumptionViolatedException: got: "aeacd", expected: is "acbgd", org.junit.AssumptionViolatedException: got: "aeace", expected: is "acbgd", org.junit.AssumptionViolatedException: got: "aeacf", expected: is "acbgd", org.junit.AssumptionViolatedException: got: "aeada", expected: is "acbgd", org.junit.AssumptionViolatedException: got: "aeadb", expected: is "acbgd", org.junit.AssumptionViolatedException: got: "aeadc", expected: is "acbgd", org.junit.AssumptionViolatedException: got: "aeadd", expected: is "acbgd", org.junit.AssumptionViolatedException: got: "aeade", expected: is "acbgd", org.junit.AssumptionViolatedException: got: "aeadf", expected: is "acbgd", org.junit.AssumptionViolatedException: got: "aeaea", expected: is "acbgd", org.junit.AssumptionViolatedException: got: "aeaeb", expected: is "acbgd", org.junit.AssumptionViolatedException: got: "aeaec", expected: is "acbgd", org.junit.AssumptionViolatedException: got: "aeaed", expected: is "acbgd", org.junit.AssumptionViolatedException: got: "aeaee", expected: is "acbgd", org.junit.AssumptionViolatedException: got: "aeaef", expected: is "acbgd", org.junit.AssumptionViolatedException: got: "aeafa", expected: is "acbgd", org.junit.AssumptionViolatedException: got: "aeafb", expected: is "acbgd", org.junit.AssumptionViolatedException: got: "aeafc", expected: is "acbgd", org.junit.AssumptionViolatedException: got: "aeafd", expected: is "acbgd", org.junit.AssumptionViolatedException: got: "aeafe", expected: is "acbgd", org.junit.AssumptionViolatedException: got: "aeaff", expected: is "acbgd", org.junit.AssumptionViolatedException: got: "aebaa", expected: is "acbgd", org.junit.AssumptionViolatedException: got: "aebab", expected: is "acbgd", org.junit.AssumptionViolatedException: got: "aebac", expected: is "acbgd", org.junit.AssumptionViolatedException: got: "aebad", expected: is "acbgd", org.junit.AssumptionViolatedException: got: "aebae", expected: is "acbgd", org.junit.AssumptionViolatedException: got: "aebaf", expected: is "acbgd", org.junit.AssumptionViolatedException: got: "aebba", expected: is "acbgd", org.junit.AssumptionViolatedException: got: "aebbb", expected: is "acbgd", org.junit.AssumptionViolatedException: got: "aebbc", expected: is "acbgd", org.junit.AssumptionViolatedException: got: "aebbd", expected: is "acbgd", org.junit.AssumptionViolatedException: got: "aebbe", expected: is "acbgd", org.junit.AssumptionViolatedException: got: "aebbf", expected: is "acbgd", org.junit.AssumptionViolatedException: got: "aebca", expected: is "acbgd", org.junit.AssumptionViolatedException: got: "aebcb", expected: is "acbgd", org.junit.AssumptionViolatedException: got: "aebcc", expected: is "acbgd", org.junit.AssumptionViolatedException: got: "aebcd", expected: is "acbgd", org.junit.AssumptionViolatedException: got: "aebce", expected: is "acbgd", org.junit.AssumptionViolatedException: got: "aebcf", expected: is "acbgd", org.junit.AssumptionViolatedException: got: "aebda", expected: is "acbgd", org.junit.AssumptionViolatedException: got: "aebdb", expected: is "acbgd", org.junit.AssumptionViolatedException: got: "aebdc", expected: is "acbgd", org.junit.AssumptionViolatedException: got: "aebdd", expected: is "acbgd", org.junit.AssumptionViolatedException: got: "aebde", expected: is "acbgd", org.junit.AssumptionViolatedException: got: "aebdf", expected: is "acbgd", org.junit.AssumptionViolatedException: got: "aebea", expected: is "acbgd", org.junit.AssumptionViolatedException: got: "aebeb", expected: is "acbgd", org.junit.AssumptionViolatedException: got: "aebec", expected: is "acbgd", org.junit.AssumptionViolatedException: got: "aebed", expected: is "acbgd", org.junit.AssumptionViolatedException: got: "aebee", expected: is "acbgd", org.junit.AssumptionViolatedException: got: "aebef", expected: is "acbgd", org.junit.AssumptionViolatedException: got: "aebfa", expected: is "acbgd", org.junit.AssumptionViolatedException: got: "aebfb", expected: is "acbgd", org.junit.AssumptionViolatedException: got: "aebfc", expected: is "acbgd", org.junit.AssumptionViolatedException: got: "aebfd", expected: is "acbgd", org.junit.AssumptionViolatedException: got: "aebfe", expected: is "acbgd", org.junit.AssumptionViolatedException: got: "aebff", expected: is "acbgd", org.junit.AssumptionViolatedException: got: "aecaa", expected: is "acbgd", org.junit.AssumptionViolatedException: got: "aecab", expected: is "acbgd", org.junit.AssumptionViolatedException: got: "aecac", expected: is "acbgd", org.junit.AssumptionViolatedException: got: "aecad", expected: is "acbgd", org.junit.AssumptionViolatedException: got: "aecae", expected: is "acbgd", org.junit.AssumptionViolatedException: got: "aecaf", expected: is "acbgd", org.junit.AssumptionViolatedException: got: "aecba", expected: is "acbgd", org.junit.AssumptionViolatedException: got: "aecbb", expected: is "acbgd", org.junit.AssumptionViolatedException: got: "aecbc", expected: is "acbgd", org.junit.AssumptionViolatedException: got: "aecbd", expected: is "acbgd", org.junit.AssumptionViolatedException: got: "aecbe", expected: is "acbgd", org.junit.AssumptionViolatedException: got: "aecbf", expected: is "acbgd", org.junit.AssumptionViolatedException: got: "aecca", expected: is "acbgd", org.junit.AssumptionViolatedException: got: "aeccb", expected: is "acbgd", org.junit.AssumptionViolatedException: got: "aeccc", expected: is "acbgd", org.junit.AssumptionViolatedException: got: "aeccd", expected: is "acbgd", org.junit.AssumptionViolatedException: got: "aecce", expected: is "acbgd", org.junit.AssumptionViolatedException: got: "aeccf", expected: is "acbgd", org.junit.AssumptionViolatedException: got: "aecda", expected: is "acbgd", org.junit.AssumptionViolatedException: got: "aecdb", expected: is "acbgd", org.junit.AssumptionViolatedException: got: "aecdc", expected: is "acbgd", org.junit.AssumptionViolatedException: got: "aecdd", expected: is "acbgd", org.junit.AssumptionViolatedException: got: "aecde", expected: is "acbgd", org.junit.AssumptionViolatedException: got: "aecdf", expected: is "acbgd", org.junit.AssumptionViolatedException: got: "aecea", expected: is "acbgd", org.junit.AssumptionViolatedException: got: "aeceb", expected: is "acbgd", org.junit.AssumptionViolatedException: got: "aecec", expected: is "acbgd", org.junit.AssumptionViolatedException: got: "aeced", expected: is "acbgd", org.junit.AssumptionViolatedException: got: "aecee", expected: is "acbgd", org.junit.AssumptionViolatedException: got: "aecef", expected: is "acbgd", org.junit.AssumptionViolatedException: got: "aecfa", expected: is "acbgd", org.junit.AssumptionViolatedException: got: "aecfb", expected: is "acbgd", org.junit.AssumptionViolatedException: got: "aecfc", expected: is "acbgd", org.junit.AssumptionViolatedException: got: "aecfd", expected: is "acbgd", org.junit.AssumptionViolatedException: got: "aecfe", expected: is "acbgd", org.junit.AssumptionViolatedException: got: "aecff", expected: is "acbgd", org.junit.AssumptionViolatedException: got: "aedaa", expected: is "acbgd", org.junit.AssumptionViolatedException: got: "aedab", expected: is "acbgd", org.junit.AssumptionViolatedException: got: "aedac", expected: is "acbgd", org.junit.AssumptionViolatedException: got: "aedad", expected: is "acbgd", org.junit.AssumptionViolatedException: got: "aedae", expected: is "acbgd", org.junit.AssumptionViolatedException: got: "aedaf", expected: is "acbgd", org.junit.AssumptionViolatedException: got: "aedba", expected: is "acbgd", org.junit.AssumptionViolatedException: got: "aedbb", expected: is "acbgd", org.junit.AssumptionViolatedException: got: "aedbc", expected: is "acbgd", org.junit.AssumptionViolatedException: got: "aedbd", expected: is "acbgd", org.junit.AssumptionViolatedException: got: "aedbe", expected: is "acbgd", org.junit.AssumptionViolatedException: got: "aedbf", expected: is "acbgd", org.junit.AssumptionViolatedException: got: "aedca", expected: is "acbgd", org.junit.AssumptionViolatedException: got: "aedcb", expected: is "acbgd", org.junit.AssumptionViolatedException: got: "aedcc", expected: is "acbgd", org.junit.AssumptionViolatedException: got: "aedcd", expected: is "acbgd", org.junit.AssumptionViolatedException: got: "aedce", expected: is "acbgd", org.junit.AssumptionViolatedException: got: "aedcf", expected: is "acbgd", org.junit.AssumptionViolatedException: got: "aedda", expected: is "acbgd", org.junit.AssumptionViolatedException: got: "aeddb", expected: is "acbgd", org.junit.AssumptionViolatedException: got: "aeddc", expected: is "acbgd", org.junit.AssumptionViolatedException: got: "aeddd", expected: is "acbgd", org.junit.AssumptionViolatedException: got: "aedde", expected: is "acbgd", org.junit.AssumptionViolatedException: got: "aeddf", expected: is "acbgd", org.junit.AssumptionViolatedException: got: "aedea", expected: is "acbgd", org.junit.AssumptionViolatedException: got: "aedeb", expected: is "acbgd", org.junit.AssumptionViolatedException: got: "aedec", expected: is "acbgd", org.junit.AssumptionViolatedException: got: "aeded", expected: is "acbgd", org.junit.AssumptionViolatedException: got: "aedee", expected: is "acbgd", org.junit.AssumptionViolatedException: got: "aedef", expected: is "acbgd", org.junit.AssumptionViolatedException: got: "aedfa", expected: is "acbgd", org.junit.AssumptionViolatedException: got: "aedfb", expected: is "acbgd", org.junit.AssumptionViolatedException: got: "aedfc", expected: is "acbgd", org.junit.AssumptionViolatedException: got: "aedfd", expected: is "acbgd", org.junit.AssumptionViolatedException: got: "aedfe", expected: is "acbgd", org.junit.AssumptionViolatedException: got: "aedff", expected: is "acbgd", org.junit.AssumptionViolatedException: got: "aeeaa", expected: is "acbgd", org.junit.AssumptionViolatedException: got: "aeeab", expected: is "acbgd", org.junit.AssumptionViolatedException: got: "aeeac", expected: is "acbgd", org.junit.AssumptionViolatedException: got: "aeead", expected: is "acbgd", org.junit.AssumptionViolatedException: got: "aeeae", expected: is "acbgd", org.junit.AssumptionViolatedException: got: "aeeaf", expected: is "acbgd", org.junit.AssumptionViolatedException: got: "aeeba", expected: is "acbgd", org.junit.AssumptionViolatedException: got: "aeebb", expected: is "acbgd", org.junit.AssumptionViolatedException: got: "aeebc", expected: is "acbgd", org.junit.AssumptionViolatedException: got: "aeebd", expected: is "acbgd", org.junit.AssumptionViolatedException: got: "aeebe", expected: is "acbgd", org.junit.AssumptionViolatedException: got: "aeebf", expected: is "acbgd", org.junit.AssumptionViolatedException: got: "aeeca", expected: is "acbgd", org.junit.AssumptionViolatedException: got: "aeecb", expected: is "acbgd", org.junit.AssumptionViolatedException: got: "aeecc", expected: is "acbgd", org.junit.AssumptionViolatedException: got: "aeecd", expected: is "acbgd", org.junit.AssumptionViolatedException: got: "aeece", expected: is "acbgd", org.junit.AssumptionViolatedException: got: "aeecf", expected: is "acbgd", org.junit.AssumptionViolatedException: got: "aeeda", expected: is "acbgd", org.junit.AssumptionViolatedException: got: "aeedb", expected: is "acbgd", org.junit.AssumptionViolatedException: got: "aeedc", expected: is "acbgd", org.junit.AssumptionViolatedException: got: "aeedd", expected: is "acbgd", org.junit.AssumptionViolatedException: got: "aeede", expected: is "acbgd", org.junit.AssumptionViolatedException: got: "aeedf", expected: is "acbgd", org.junit.AssumptionViolatedException: got: "aeeea", expected: is "acbgd", org.junit.AssumptionViolatedException: got: "aeeeb", expected: is "acbgd", org.junit.AssumptionViolatedException: got: "aeeec", expected: is "acbgd", org.junit.AssumptionViolatedException: got: "aeeed", expected: is "acbgd", org.junit.AssumptionViolatedException: got: "aeeee", expected: is "acbgd", org.junit.AssumptionViolatedException: got: "aeeef", expected: is "acbgd", org.junit.AssumptionViolatedException: got: "aeefa", expected: is "acbgd", org.junit.AssumptionViolatedException: got: "aeefb", expected: is "acbgd", org.junit.AssumptionViolatedException: got: "aeefc", expected: is "acbgd", org.junit.AssumptionViolatedException: got: "aeefd", expected: is "acbgd", org.junit.AssumptionViolatedException: got: "aeefe", expected: is "acbgd", org.junit.AssumptionViolatedException: got: "aeeff", expected: is "acbgd", org.junit.AssumptionViolatedException: got: "aefaa", expected: is "acbgd", org.junit.AssumptionViolatedException: got: "aefab", expected: is "acbgd", org.junit.AssumptionViolatedException: got: "aefac", expected: is "acbgd", org.junit.AssumptionViolatedException: got: "aefad", expected: is "acbgd", org.junit.AssumptionViolatedException: got: "aefae", expected: is "acbgd", org.junit.AssumptionViolatedException: got: "aefaf", expected: is "acbgd", org.junit.AssumptionViolatedException: got: "aefba", expected: is "acbgd", org.junit.AssumptionViolatedException: got: "aefbb", expected: is "acbgd", org.junit.AssumptionViolatedException: got: "aefbc", expected: is "acbgd", org.junit.AssumptionViolatedException: got: "aefbd", expected: is "acbgd", org.junit.AssumptionViolatedException: got: "aefbe", expected: is "acbgd", org.junit.AssumptionViolatedException: got: "aefbf", expected: is "acbgd", org.junit.AssumptionViolatedException: got: "aefca", expected: is "acbgd", org.junit.AssumptionViolatedException: got: "aefcb", expected: is "acbgd", org.junit.AssumptionViolatedException: got: "aefcc", expected: is "acbgd", org.junit.AssumptionViolatedException: got: "aefcd", expected: is "acbgd", org.junit.AssumptionViolatedException: got: "aef
[...]
d: is "acbgd", org.junit.AssumptionViolatedException: got: "fefce", expected: is "acbgd", org.junit.AssumptionViolatedException: got: "fefcf", expected: is "acbgd", org.junit.AssumptionViolatedException: got: "fefda", expected: is "acbgd", org.junit.AssumptionViolatedException: got: "fefdb", expected: is "acbgd", org.junit.AssumptionViolatedException: got: "fefdc", expected: is "acbgd", org.junit.AssumptionViolatedException: got: "fefdd", expected: is "acbgd", org.junit.AssumptionViolatedException: got: "fefde", expected: is "acbgd", org.junit.AssumptionViolatedException: got: "fefdf", expected: is "acbgd", org.junit.AssumptionViolatedException: got: "fefea", expected: is "acbgd", org.junit.AssumptionViolatedException: got: "fefeb", expected: is "acbgd", org.junit.AssumptionViolatedException: got: "fefec", expected: is "acbgd", org.junit.AssumptionViolatedException: got: "fefed", expected: is "acbgd", org.junit.AssumptionViolatedException: got: "fefee", expected: is "acbgd", org.junit.AssumptionViolatedException: got: "fefef", expected: is "acbgd", org.junit.AssumptionViolatedException: got: "feffa", expected: is "acbgd", org.junit.AssumptionViolatedException: got: "feffb", expected: is "acbgd", org.junit.AssumptionViolatedException: got: "feffc", expected: is "acbgd", org.junit.AssumptionViolatedException: got: "feffd", expected: is "acbgd", org.junit.AssumptionViolatedException: got: "feffe", expected: is "acbgd", org.junit.AssumptionViolatedException: got: "fefff", expected: is "acbgd", org.junit.AssumptionViolatedException: got: "ffaaa", expected: is "acbgd", org.junit.AssumptionViolatedException: got: "ffaab", expected: is "acbgd", org.junit.AssumptionViolatedException: got: "ffaac", expected: is "acbgd", org.junit.AssumptionViolatedException: got: "ffaad", expected: is "acbgd", org.junit.AssumptionViolatedException: got: "ffaae", expected: is "acbgd", org.junit.AssumptionViolatedException: got: "ffaaf", expected: is "acbgd", org.junit.AssumptionViolatedException: got: "ffaba", expected: is "acbgd", org.junit.AssumptionViolatedException: got: "ffabb", expected: is "acbgd", org.junit.AssumptionViolatedException: got: "ffabc", expected: is "acbgd", org.junit.AssumptionViolatedException: got: "ffabd", expected: is "acbgd", org.junit.AssumptionViolatedException: got: "ffabe", expected: is "acbgd", org.junit.AssumptionViolatedException: got: "ffabf", expected: is "acbgd", org.junit.AssumptionViolatedException: got: "ffaca", expected: is "acbgd", org.junit.AssumptionViolatedException: got: "ffacb", expected: is "acbgd", org.junit.AssumptionViolatedException: got: "ffacc", expected: is "acbgd", org.junit.AssumptionViolatedException: got: "ffacd", expected: is "acbgd", org.junit.AssumptionViolatedException: got: "fface", expected: is "acbgd", org.junit.AssumptionViolatedException: got: "ffacf", expected: is "acbgd", org.junit.AssumptionViolatedException: got: "ffada", expected: is "acbgd", org.junit.AssumptionViolatedException: got: "ffadb", expected: is "acbgd", org.junit.AssumptionViolatedException: got: "ffadc", expected: is "acbgd", org.junit.AssumptionViolatedException: got: "ffadd", expected: is "acbgd", org.junit.AssumptionViolatedException: got: "ffade", expected: is "acbgd", org.junit.AssumptionViolatedException: got: "ffadf", expected: is "acbgd", org.junit.AssumptionViolatedException: got: "ffaea", expected: is "acbgd", org.junit.AssumptionViolatedException: got: "ffaeb", expected: is "acbgd", org.junit.AssumptionViolatedException: got: "ffaec", expected: is "acbgd", org.junit.AssumptionViolatedException: got: "ffaed", expected: is "acbgd", org.junit.AssumptionViolatedException: got: "ffaee", expected: is "acbgd", org.junit.AssumptionViolatedException: got: "ffaef", expected: is "acbgd", org.junit.AssumptionViolatedException: got: "ffafa", expected: is "acbgd", org.junit.AssumptionViolatedException: got: "ffafb", expected: is "acbgd", org.junit.AssumptionViolatedException: got: "ffafc", expected: is "acbgd", org.junit.AssumptionViolatedException: got: "ffafd", expected: is "acbgd", org.junit.AssumptionViolatedException: got: "ffafe", expected: is "acbgd", org.junit.AssumptionViolatedException: got: "ffaff", expected: is "acbgd", org.junit.AssumptionViolatedException: got: "ffbaa", expected: is "acbgd", org.junit.AssumptionViolatedException: got: "ffbab", expected: is "acbgd", org.junit.AssumptionViolatedException: got: "ffbac", expected: is "acbgd", org.junit.AssumptionViolatedException: got: "ffbad", expected: is "acbgd", org.junit.AssumptionViolatedException: got: "ffbae", expected: is "acbgd", org.junit.AssumptionViolatedException: got: "ffbaf", expected: is "acbgd", org.junit.AssumptionViolatedException: got: "ffbba", expected: is "acbgd", org.junit.AssumptionViolatedException: got: "ffbbb", expected: is "acbgd", org.junit.AssumptionViolatedException: got: "ffbbc", expected: is "acbgd", org.junit.AssumptionViolatedException: got: "ffbbd", expected: is "acbgd", org.junit.AssumptionViolatedException: got: "ffbbe", expected: is "acbgd", org.junit.AssumptionViolatedException: got: "ffbbf", expected: is "acbgd", org.junit.AssumptionViolatedException: got: "ffbca", expected: is "acbgd", org.junit.AssumptionViolatedException: got: "ffbcb", expected: is "acbgd", org.junit.AssumptionViolatedException: got: "ffbcc", expected: is "acbgd", org.junit.AssumptionViolatedException: got: "ffbcd", expected: is "acbgd", org.junit.AssumptionViolatedException: got: "ffbce", expected: is "acbgd", org.junit.AssumptionViolatedException: got: "ffbcf", expected: is "acbgd", org.junit.AssumptionViolatedException: got: "ffbda", expected: is "acbgd", org.junit.AssumptionViolatedException: got: "ffbdb", expected: is "acbgd", org.junit.AssumptionViolatedException: got: "ffbdc", expected: is "acbgd", org.junit.AssumptionViolatedException: got: "ffbdd", expected: is "acbgd", org.junit.AssumptionViolatedException: got: "ffbde", expected: is "acbgd", org.junit.AssumptionViolatedException: got: "ffbdf", expected: is "acbgd", org.junit.AssumptionViolatedException: got: "ffbea", expected: is "acbgd", org.junit.AssumptionViolatedException: got: "ffbeb", expected: is "acbgd", org.junit.AssumptionViolatedException: got: "ffbec", expected: is "acbgd", org.junit.AssumptionViolatedException: got: "ffbed", expected: is "acbgd", org.junit.AssumptionViolatedException: got: "ffbee", expected: is "acbgd", org.junit.AssumptionViolatedException: got: "ffbef", expected: is "acbgd", org.junit.AssumptionViolatedException: got: "ffbfa", expected: is "acbgd", org.junit.AssumptionViolatedException: got: "ffbfb", expected: is "acbgd", org.junit.AssumptionViolatedException: got: "ffbfc", expected: is "acbgd", org.junit.AssumptionViolatedException: got: "ffbfd", expected: is "acbgd", org.junit.AssumptionViolatedException: got: "ffbfe", expected: is "acbgd", org.junit.AssumptionViolatedException: got: "ffbff", expected: is "acbgd", org.junit.AssumptionViolatedException: got: "ffcaa", expected: is "acbgd", org.junit.AssumptionViolatedException: got: "ffcab", expected: is "acbgd", org.junit.AssumptionViolatedException: got: "ffcac", expected: is "acbgd", org.junit.AssumptionViolatedException: got: "ffcad", expected: is "acbgd", org.junit.AssumptionViolatedException: got: "ffcae", expected: is "acbgd", org.junit.AssumptionViolatedException: got: "ffcaf", expected: is "acbgd", org.junit.AssumptionViolatedException: got: "ffcba", expected: is "acbgd", org.junit.AssumptionViolatedException: got: "ffcbb", expected: is "acbgd", org.junit.AssumptionViolatedException: got: "ffcbc", expected: is "acbgd", org.junit.AssumptionViolatedException: got: "ffcbd", expected: is "acbgd", org.junit.AssumptionViolatedException: got: "ffcbe", expected: is "acbgd", org.junit.AssumptionViolatedException: got: "ffcbf", expected: is "acbgd", org.junit.AssumptionViolatedException: got: "ffcca", expected: is "acbgd", org.junit.AssumptionViolatedException: got: "ffccb", expected: is "acbgd", org.junit.AssumptionViolatedException: got: "ffccc", expected: is "acbgd", org.junit.AssumptionViolatedException: got: "ffccd", expected: is "acbgd", org.junit.AssumptionViolatedException: got: "ffcce", expected: is "acbgd", org.junit.AssumptionViolatedException: got: "ffccf", expected: is "acbgd", org.junit.AssumptionViolatedException: got: "ffcda", expected: is "acbgd", org.junit.AssumptionViolatedException: got: "ffcdb", expected: is "acbgd", org.junit.AssumptionViolatedException: got: "ffcdc", expected: is "acbgd", org.junit.AssumptionViolatedException: got: "ffcdd", expected: is "acbgd", org.junit.AssumptionViolatedException: got: "ffcde", expected: is "acbgd", org.junit.AssumptionViolatedException: got: "ffcdf", expected: is "acbgd", org.junit.AssumptionViolatedException: got: "ffcea", expected: is "acbgd", org.junit.AssumptionViolatedException: got: "ffceb", expected: is "acbgd", org.junit.AssumptionViolatedException: got: "ffcec", expected: is "acbgd", org.junit.AssumptionViolatedException: got: "ffced", expected: is "acbgd", org.junit.AssumptionViolatedException: got: "ffcee", expected: is "acbgd", org.junit.AssumptionViolatedException: got: "ffcef", expected: is "acbgd", org.junit.AssumptionViolatedException: got: "ffcfa", expected: is "acbgd", org.junit.AssumptionViolatedException: got: "ffcfb", expected: is "acbgd", org.junit.AssumptionViolatedException: got: "ffcfc", expected: is "acbgd", org.junit.AssumptionViolatedException: got: "ffcfd", expected: is "acbgd", org.junit.AssumptionViolatedException: got: "ffcfe", expected: is "acbgd", org.junit.AssumptionViolatedException: got: "ffcff", expected: is "acbgd", org.junit.AssumptionViolatedException: got: "ffdaa", expected: is "acbgd", org.junit.AssumptionViolatedException: got: "ffdab", expected: is "acbgd", org.junit.AssumptionViolatedException: got: "ffdac", expected: is "acbgd", org.junit.AssumptionViolatedException: got: "ffdad", expected: is "acbgd", org.junit.AssumptionViolatedException: got: "ffdae", expected: is "acbgd", org.junit.AssumptionViolatedException: got: "ffdaf", expected: is "acbgd", org.junit.AssumptionViolatedException: got: "ffdba", expected: is "acbgd", org.junit.AssumptionViolatedException: got: "ffdbb", expected: is "acbgd", org.junit.AssumptionViolatedException: got: "ffdbc", expected: is "acbgd", org.junit.AssumptionViolatedException: got: "ffdbd", expected: is "acbgd", org.junit.AssumptionViolatedException: got: "ffdbe", expected: is "acbgd", org.junit.AssumptionViolatedException: got: "ffdbf", expected: is "acbgd", org.junit.AssumptionViolatedException: got: "ffdca", expected: is "acbgd", org.junit.AssumptionViolatedException: got: "ffdcb", expected: is "acbgd", org.junit.AssumptionViolatedException: got: "ffdcc", expected: is "acbgd", org.junit.AssumptionViolatedException: got: "ffdcd", expected: is "acbgd", org.junit.AssumptionViolatedException: got: "ffdce", expected: is "acbgd", org.junit.AssumptionViolatedException: got: "ffdcf", expected: is "acbgd", org.junit.AssumptionViolatedException: got: "ffdda", expected: is "acbgd", org.junit.AssumptionViolatedException: got: "ffddb", expected: is "acbgd", org.junit.AssumptionViolatedException: got: "ffddc", expected: is "acbgd", org.junit.AssumptionViolatedException: got: "ffddd", expected: is "acbgd", org.junit.AssumptionViolatedException: got: "ffdde", expected: is "acbgd", org.junit.AssumptionViolatedException: got: "ffddf", expected: is "acbgd", org.junit.AssumptionViolatedException: got: "ffdea", expected: is "acbgd", org.junit.AssumptionViolatedException: got: "ffdeb", expected: is "acbgd", org.junit.AssumptionViolatedException: got: "ffdec", expected: is "acbgd", org.junit.AssumptionViolatedException: got: "ffded", expected: is "acbgd", org.junit.AssumptionViolatedException: got: "ffdee", expected: is "acbgd", org.junit.AssumptionViolatedException: got: "ffdef", expected: is "acbgd", org.junit.AssumptionViolatedException: got: "ffdfa", expected: is "acbgd", org.junit.AssumptionViolatedException: got: "ffdfb", expected: is "acbgd", org.junit.AssumptionViolatedException: got: "ffdfc", expected: is "acbgd", org.junit.AssumptionViolatedException: got: "ffdfd", expected: is "acbgd", org.junit.AssumptionViolatedException: got: "ffdfe", expected: is "acbgd", org.junit.AssumptionViolatedException: got: "ffdff", expected: is "acbgd", org.junit.AssumptionViolatedException: got: "ffeaa", expected: is "acbgd", org.junit.AssumptionViolatedException: got: "ffeab", expected: is "acbgd", org.junit.AssumptionViolatedException: got: "ffeac", expected: is "acbgd", org.junit.AssumptionViolatedException: got: "ffead", expected: is "acbgd", org.junit.AssumptionViolatedException: got: "ffeae", expected: is "acbgd", org.junit.AssumptionViolatedException: got: "ffeaf", expected: is "acbgd", org.junit.AssumptionViolatedException: got: "ffeba", expected: is "acbgd", org.junit.AssumptionViolatedException: got: "ffebb", expected: is "acbgd", org.junit.AssumptionViolatedException: got: "ffebc", expected: is "acbgd", org.junit.AssumptionViolatedException: got: "ffebd", expected: is "acbgd", org.junit.AssumptionViolatedException: got: "ffebe", expected: is "acbgd", org.junit.AssumptionViolatedException: got: "ffebf", expected: is "acbgd", org.junit.AssumptionViolatedException: got: "ffeca", expected: is "acbgd", org.junit.AssumptionViolatedException: got: "ffecb", expected: is "acbgd", org.junit.AssumptionViolatedException: got: "ffecc", expected: is "acbgd", org.junit.AssumptionViolatedException: got: "ffecd", expected: is "acbgd", org.junit.AssumptionViolatedException: got: "ffece", expected: is "acbgd", org.junit.AssumptionViolatedException: got: "ffecf", expected: is "acbgd", org.junit.AssumptionViolatedException: got: "ffeda", expected: is "acbgd", org.junit.AssumptionViolatedException: got: "ffedb", expected: is "acbgd", org.junit.AssumptionViolatedException: got: "ffedc", expected: is "acbgd", org.junit.AssumptionViolatedException: got: "ffedd", expected: is "acbgd", org.junit.AssumptionViolatedException: got: "ffede", expected: is "acbgd", org.junit.AssumptionViolatedException: got: "ffedf", expected: is "acbgd", org.junit.AssumptionViolatedException: got: "ffeea", expected: is "acbgd", org.junit.AssumptionViolatedException: got: "ffeeb", expected: is "acbgd", org.junit.AssumptionViolatedException: got: "ffeec", expected: is "acbgd", org.junit.AssumptionViolatedException: got: "ffeed", expected: is "acbgd", org.junit.AssumptionViolatedException: got: "ffeee", expected: is "acbgd", org.junit.AssumptionViolatedException: got: "ffeef", expected: is "acbgd", org.junit.AssumptionViolatedException: got: "ffefa", expected: is "acbgd", org.junit.AssumptionViolatedException: got: "ffefb", expected: is "acbgd", org.junit.AssumptionViolatedException: got: "ffefc", expected: is "acbgd", org.junit.AssumptionViolatedException: got: "ffefd", expected: is "acbgd", org.junit.AssumptionViolatedException: got: "ffefe", expected: is "acbgd", org.junit.AssumptionViolatedException: got: "ffeff", expected: is "acbgd", org.junit.AssumptionViolatedException: got: "fffaa", expected: is "acbgd", org.junit.AssumptionViolatedException: got: "fffab", expected: is "acbgd", org.junit.AssumptionViolatedException: got: "fffac", expected: is "acbgd", org.junit.AssumptionViolatedException: got: "fffad", expected: is "acbgd", org.junit.AssumptionViolatedException: got: "fffae", expected: is "acbgd", org.junit.AssumptionViolatedException: got: "fffaf", expected: is "acbgd", org.junit.AssumptionViolatedException: got: "fffba", expected: is "acbgd", org.junit.AssumptionViolatedException: got: "fffbb", expected: is "acbgd", org.junit.AssumptionViolatedException: got: "fffbc", expected: is "acbgd", org.junit.AssumptionViolatedException: got: "fffbd", expected: is "acbgd", org.junit.AssumptionViolatedException: got: "fffbe", expected: is "acbgd", org.junit.AssumptionViolatedException: got: "fffbf", expected: is "acbgd", org.junit.AssumptionViolatedException: got: "fffca", expected: is "acbgd", org.junit.AssumptionViolatedException: got: "fffcb", expected: is "acbgd", org.junit.AssumptionViolatedException: got: "fffcc", expected: is "acbgd", org.junit.AssumptionViolatedException: got: "fffcd", expected: is "acbgd", org.junit.AssumptionViolatedException: got: "fffce", expected: is "acbgd", org.junit.AssumptionViolatedException: got: "fffcf", expected: is "acbgd", org.junit.AssumptionViolatedException: got: "fffda", expected: is "acbgd", org.junit.AssumptionViolatedException: got: "fffdb", expected: is "acbgd", org.junit.AssumptionViolatedException: got: "fffdc", expected: is "acbgd", org.junit.AssumptionViolatedException: got: "fffdd", expected: is "acbgd", org.junit.AssumptionViolatedException: got: "fffde", expected: is "acbgd", org.junit.AssumptionViolatedException: got: "fffdf", expected: is "acbgd", org.junit.AssumptionViolatedException: got: "fffea", expected: is "acbgd", org.junit.AssumptionViolatedException: got: "fffeb", expected: is "acbgd", org.junit.AssumptionViolatedException: got: "fffec", expected: is "acbgd", org.junit.AssumptionViolatedException: got: "fffed", expected: is "acbgd", org.junit.AssumptionViolatedException: got: "fffee", expected: is "acbgd", org.junit.AssumptionViolatedException: got: "fffef", expected: is "acbgd", org.junit.AssumptionViolatedException: got: "ffffa", expected: is "acbgd", org.junit.AssumptionViolatedException: got: "ffffb", expected: is "acbgd", org.junit.AssumptionViolatedException: got: "ffffc", expected: is "acbgd", org.junit.AssumptionViolatedException: got: "ffffd", expected: is "acbgd", org.junit.AssumptionViolatedException: got: "ffffe", expected: is "acbgd", org.junit.AssumptionViolatedException: got: "fffff", expected: is "acbgd"]
	at org.junit.Assert.fail(Assert.java:88)
	at org.junit.experimental.theories.Theories$TheoryAnchor.evaluate(Theories.java:193)
	at org.junit.runners.ParentRunner.runLeaf(ParentRunner.java:325)
	at org.junit.runners.BlockJUnit4ClassRunner.runChild(BlockJUnit4ClassRunner.java:78)
	at org.junit.runners.BlockJUnit4ClassRunner.runChild(BlockJUnit4ClassRunner.java:57)
	at org.junit.runners.ParentRunner$3.run(ParentRunner.java:290)
	at org.junit.runners.ParentRunner$1.schedule(ParentRunner.java:71)
	at org.junit.runners.ParentRunner.runChildren(ParentRunner.java:288)
	at org.junit.runners.ParentRunner.access$000(ParentRunner.java:58)
	at org.junit.runners.ParentRunner$2.evaluate(ParentRunner.java:268)
	at org.junit.runners.ParentRunner.run(ParentRunner.java:363)
	at org.junit.runners.Suite.runChild(Suite.java:128)
	at org.junit.runners.Suite.runChild(Suite.java:27)
	at org.junit.runners.ParentRunner$3.run(ParentRunner.java:290)
	at org.junit.runners.ParentRunner$1.schedule(ParentRunner.java:71)
	at org.junit.runners.ParentRunner.runChildren(ParentRunner.java:288)
	at org.junit.runners.ParentRunner.access$000(ParentRunner.java:58)
	at org.junit.runners.ParentRunner$2.evaluate(ParentRunner.java:268)
	at org.junit.runners.ParentRunner.run(ParentRunner.java:363)
	at org.apache.maven.surefire.junit4.JUnit4Provider.execute(JUnit4Provider.java:252)
	at org.apache.maven.surefire.junit4.JUnit4Provider.executeTestSet(JUnit4Provider.java:141)
	at org.apache.maven.surefire.junit4.JUnit4Provider.invoke(JUnit4Provider.java:112)
	at sun.reflect.NativeMethodAccessorImpl.invoke0(Native Method)
	at sun.reflect.NativeMethodAccessorImpl.invoke(NativeMethodAccessorImpl.java:62)
	at sun.reflect.DelegatingMethodAccessorImpl.invoke(DelegatingMethodAccessorImpl.java:43)
	at java.lang.reflect.Method.invoke(Method.java:497)
	at org.apache.maven.surefire.util.ReflectionUtils.invokeMethodWithArray(ReflectionUtils.java:189)
	at org.apache.maven.surefire.booter.ProviderFactory$ProviderProxy.invoke(ProviderFactory.java:165)
	at org.apache.maven.surefire.booter.ProviderFactory.invokeProvider(ProviderFactory.java:85)
	at org.apache.maven.surefire.booter.ForkedBooter.runSuitesInProcess(ForkedBooter.java:115)
	at org.apache.maven.surefire.booter.ForkedBooter.main(ForkedBooter.java:75)

